$ /opt/volatility3/vol.py -f honeypot.raw windows.pstree
Volatility 3 Framework 2.0.0
Progress:  100.00               PDB scanning finished
PID     PPID    ImageFileName   Offset(V)       Threads Handles SessionId       Wow64   CreateTime      ExitTime

4       0       System  0x8413a940      76      549     N/A     False   2021-11-26 05:12:15.000000      N/A
* 236   4       smss.exe        0x84fe9c80      2       32      N/A     False   2021-11-26 05:12:15.000000      N/A
308     300     csrss.exe       0x84f9bd28      9       435     0       False   2021-11-26 05:12:16.000000      N/A
* 1684  308     conhost.exe     0x858f2bc0      2       32      0       False   2021-11-25 19:12:21.000000      N/A
348     300     wininit.exe     0x850ba3f0      3       75      0       False   2021-11-26 05:12:16.000000      N/A
* 400   348     services.exe    0x856f5620      8       225     0       False   2021-11-26 05:12:16.000000      N/A
** 1540 400     vmicsvc.exe     0x85a25758      6       81      0       False   2021-11-25 19:12:19.000000      N/A
** 1800 400     sppsvc.exe      0x85c54030      5       146     0       False   2021-11-25 19:12:22.000000      N/A
** 1432 400     vmicsvc.exe     0x859eaa60      4       66      0       False   2021-11-25 19:12:19.000000      N/A
** 1440 400     taskhost.exe    0x859ec4b8      10      148     1       False   2021-11-25 19:12:19.000000      N/A
** 2080 400     svchost.exe     0x85c7e610      5       91      0       False   2021-11-25 19:12:22.000000      N/A
** 1956 400     wlms.exe        0x85bf9b00      4       45      0       False   2021-11-25 19:12:20.000000      N/A
** 692  400     svchost.exe     0x924cd3a8      7       268     0       False   2021-11-25 19:12:18.000000      N/A
** 1208 400     spoolsv.exe     0x85969b00      14      293     0       False   2021-11-25 19:12:19.000000      N/A
** 2360 400     SearchIndexer.  0x85d01d28      17      730     0       False   2021-11-25 19:12:26.000000      N/A
*** 2440        2360    SearchProtocol  0x85d36d28      8       328     0       False   2021-11-25 19:12:26.000000      N/A
*** 2460        2360    SearchFilterHo  0x85d3a260      6       95      0       False   2021-11-25 19:12:26.000000      N/A
** 1084 400     svchost.exe     0x8593c260      16      396     0       False   2021-11-25 19:12:19.000000      N/A
** 572  400     svchost.exe     0x858326b8      11      368     0       False   2021-11-26 05:12:17.000000      N/A
*** 3112        572     WmiPrvSE.exe    0x84b88788      8       119     0       False   2021-11-25 19:13:24.000000      N/A
*** 168 572     dllhost.exe     0x84ada2d0      6       88      2       False   2021-11-25 19:14:13.000000      N/A
** 848  400     svchost.exe     0x858ed9d8      21      464     0       False   2021-11-25 19:12:19.000000      N/A
*** 1532        848     dwm.exe 0x85a13c60      5       85      1       False   2021-11-25 19:12:19.000000      N/A
*** 2844        848     dwm.exe 0x85d8f488      5       89      2       False   2021-11-25 19:12:37.000000      N/A
** 1872 400     cygrunsrv.exe   0x841e6470      6       100     0       False   2021-11-25 19:12:20.000000      N/A
*** 1612        1872    cygrunsrv.exe   0x858cad28      0       -       0       False   2021-11-25 19:12:21.000000      2021-11-25 19:12:21.000000
**** 1676       1612    sshd.exe        0x858d5d28      4       100     0       False   2021-11-25 19:12:21.000000      N/A
** 1620 400     svchost.exe     0x85a42030      14      276     0       False   2021-11-25 19:12:19.000000      N/A
** 1376 400     vmicsvc.exe     0x859d7488      8       103     0       False   2021-11-25 19:12:19.000000      N/A
** 1504 400     vmicsvc.exe     0x859f88b8      5       80      0       False   2021-11-25 19:12:19.000000      N/A
** 2784 400     taskhost.exe    0x85d84b00      11      172     2       False   2021-11-25 19:12:37.000000      N/A
** 1252 400     svchost.exe     0x859ae030      20      324     0       False   2021-11-25 19:12:19.000000      N/A
** 744  400     svchost.exe     0x85819700      17      353     0       False   2021-11-25 19:12:18.000000      N/A
** 1012 400     svchost.exe     0x85921030      17      331     0       False   2021-11-25 19:12:19.000000      N/A
** 1396 400     vmicsvc.exe     0x859de428      7       108     0       False   2021-11-25 19:12:19.000000      N/A
** 888  400     svchost.exe     0x858f8548      41      902     0       False   2021-11-25 19:12:19.000000      N/A
** 636  400     VBoxService.ex  0x85899390      14      123     0       False   2021-11-26 05:12:17.000000      N/A
* 408   348     lsass.exe       0x85702590      7       615     0       False   2021-11-26 05:12:16.000000      N/A
* 416   348     lsm.exe 0x856fbd28      10      171     0       False   2021-11-26 05:12:16.000000      N/A
360     340     csrss.exe       0x859f4398      7       159     1       False   2021-11-26 05:12:16.000000      N/A
496     340     winlogon.exe    0x85147d28      4       111     1       False   2021-11-26 05:12:17.000000      N/A
1556    1512    explorer.exe    0x85a1ab00      25      587     1       False   2021-11-25 19:12:19.000000      N/A
* 1716  1556    VBoxTray.exe    0x85a6d6f8      16      147     1       False   2021-11-25 19:12:20.000000      N/A
2616    2604    csrss.exe       0x85d16d28      11      291     2       False   2021-11-25 19:12:33.000000      N/A
* 2920  2616    conhost.exe     0x84b046c0      2       50      2       False   2021-11-25 19:14:10.000000      N/A
* 3732  2616    conhost.exe     0x851733c8      2       50      2       False   2021-11-25 19:13:50.000000      N/A
2644    2604    winlogon.exe    0x85873728      6       119     2       False   2021-11-25 19:12:33.000000      N/A
2856    2836    explorer.exe    0x85d91498      27      700     2       False   2021-11-25 19:12:38.000000      N/A
* 3504  2856    VBoxTray.exe    0x84b3ed28      15      145     2       False   2021-11-25 19:12:46.000000      N/A
* 3324  2856    iexplore.exe    0x84bafc60      18      434     2       False   2021-11-25 19:13:31.000000      N/A
** 3344 3324    iexplore.exe    0x856aa9b8      26      641     2       False   2021-11-25 19:13:31.000000      N/A
* 2924  2856    DumpIt.exe      0x84bee280      2       37      2       False   2021-11-25 19:14:10.000000      N/A
* 3108  2856    regsvr32.exe    0x85dacd28      0       -       2       False   2021-11-25 19:12:38.000000      2021-11-25 19:12:39.000000
2700    3720    powershell.exe  0x8420dd28      13      444     2       False   2021-11-25 19:13:50.000000      N/A
* 4036  2700    HOSTNAME.EXE    0x84289030      0       -       2       False   2021-11-25 19:14:01.000000      2021-11-25 19:14:01.000000
* 4028  2700    whoami.exe      0x85d8db00      0       -       2       False   2021-11-25 19:14:01.000000      2021-11-25 19:14:01.000000

