59ee356 windowsliveupdater.com
59ee385 *.windowsliveupdater.com0
89a93e5 windowsliveupdater
e6352e8 Visited: Santa@https://windowsliveupdater.com/christmas_update.hta
e6353e8 Visited: Santa@https://windowsliveupdater.com/christmas_update.hta
1309c9ee windowsliveupdater.com
1309ca1d *.windowsliveupdater.com0
1841b88a windowsliveupdater.com
1841b8b9 *.windowsliveupdater.com0
1965d793 windowsliveupdater.com
1967b085 windowsliveupdater.com
1967b0b4 *.windowsliveupdater.com0
1990aa85 windowsliveupdater.com
1990aab4 *.windowsliveupdater.com0
1a5626bd windowsliveupdater.com
1a5626ec *.windowsliveupdater.com0
1ace11dd windowsliveupdater.com
1ace120c *.windowsliveupdater.com0
2b12bd85 windowsliveupdater.com
2b12bdb4 *.windowsliveupdater.com0
2babcf96 windowsliveupdater.com
2babcfc5 *.windowsliveupdater.com0
2bbfa1d2 Host: windowsliveupdater.com
2c20d07e windowsliveupdater.com
2c20d0ad *.windowsliveupdater.com0
2c53c826 windowsliveupdater.com
2c53c855 *.windowsliveupdater.com0
2c5af1f2 windowsliveupdater.com
2c5af221 *.windowsliveupdater.com0
2e970cba windowsliveupdater.com
2e970ce9 *.windowsliveupdater.com0
2f2314ca windowsliveupdater.com
2f2314f9 *.windowsliveupdater.com0
2fab2461 Host: windowsliveupdater.com
30371432 windowsliveupdater.com
30371461 *.windowsliveupdater.com0
30c6e368 https://windowsliveupdater.com/christmas_update.hta
30e5694a st: windowsliveupdater.com
311bdfe8 https://windowsliveupdat
312bc5c8 https:windowsliveupdater.com
3164248a windowsliveupdater.com
316424b9 *.windowsliveupdater.com0
335081a5 windowsliveupdater.com
335081d4 *.windowsliveupdater.com0
3353aeae windowsliveupdater.com
3353aedd *.windowsliveupdater.com0
33a2d826 windowsliveupdater.com
33a2d855 *.windowsliveupdater.com0
350d7b60 windowsliveupdater.com
350d7c60 windowsliveupdater.com
350d7c80 windowsliveupdater.com
350d7ca0 windowsliveupdater.com
352da068 :2021112520211126: Santa@https://windowsliveupdater.com/christmas_update.hta
352da168 :2021112520211126: Santa@:Host: windowsliveupdater.com
3ea02271 windowsliveupdater.com
3ea022a0 *.windowsliveupdater.com0
3ea1d271 windowsliveupdater.com
3ea1d2a0 *.windowsliveupdater.com0
3ea3126d windowsliveupdater.com
3ea3129c *.windowsliveupdater.com0
3ec63037 windowsliveupdater
3edfc041 windowsliveupdater
3f57e8cd windowsliveupdater
