Volatility 3 Framework 2.0.0
Progress:  100.00               PDB scanning finished
PID     Process Block   Variable        Value

236     smss.exe        0x1d08c0        Path    C:\Windows\System32
236     smss.exe        0x1d08c0        SystemDrive     C:
236     smss.exe        0x1d08c0        SystemRoot      C:\Windows
312     csrss.exe       0x1e0d18        ComSpec C:\Windows\system32\cmd.exe
312     csrss.exe       0x1e0d18        CYGWIN  mintty
312     csrss.exe       0x1e0d18        FP_NO_HOST_CHECK        NO
312     csrss.exe       0x1e0d18        NUMBER_OF_PROCESSORS    1
312     csrss.exe       0x1e0d18        OS      Windows_NT
312     csrss.exe       0x1e0d18        Path    C:\Windows\system32;C:\Windows;C:\Windows\System32\Wbem;C:\Windows\System32\WindowsPowerShell\v1.0\;C:\Program Files\OpenSSH\bin
312     csrss.exe       0x1e0d18        PATHEXT .COM;.EXE;.BAT;.CMD;.VBS;.VBE;.JS;.JSE;.WSF;.WSH;.MSC
312     csrss.exe       0x1e0d18        PROCESSOR_ARCHITECTURE  x86
312     csrss.exe       0x1e0d18        PROCESSOR_IDENTIFIER    x86 Family 23 Model 96 Stepping 1, AuthenticAMD
312     csrss.exe       0x1e0d18        PROCESSOR_LEVEL 23
312     csrss.exe       0x1e0d18        PROCESSOR_REVISION      6001
312     csrss.exe       0x1e0d18        PSModulePath    C:\Windows\system32\WindowsPowerShell\v1.0\Modules\
312     csrss.exe       0x1e0d18        SystemDrive     C:
312     csrss.exe       0x1e0d18        SystemRoot      C:\Windows
312     csrss.exe       0x1e0d18        TEMP    C:\Windows\TEMP
312     csrss.exe       0x1e0d18        TMP     C:\Windows\TEMP
312     csrss.exe       0x1e0d18        USERNAME        SYSTEM
312     csrss.exe       0x1e0d18        windir  C:\Windows
352     wininit.exe     0x1e0d18        ALLUSERSPROFILE C:\ProgramData
352     wininit.exe     0x1e0d18        CommonProgramFiles      C:\Program Files\Common Files
352     wininit.exe     0x1e0d18        COMPUTERNAME    IE8WIN7
352     wininit.exe     0x1e0d18        ComSpec C:\Windows\system32\cmd.exe
352     wininit.exe     0x1e0d18        CYGWIN  mintty
352     wininit.exe     0x1e0d18        FP_NO_HOST_CHECK        NO
352     wininit.exe     0x1e0d18        NUMBER_OF_PROCESSORS    1
352     wininit.exe     0x1e0d18        OS      Windows_NT
352     wininit.exe     0x1e0d18        Path    C:\Windows\system32;C:\Windows;C:\Windows\System32\Wbem;C:\Windows\System32\WindowsPowerShell\v1.0\;C:\Program Files\OpenSSH\bin
352     wininit.exe     0x1e0d18        PATHEXT .COM;.EXE;.BAT;.CMD;.VBS;.VBE;.JS;.JSE;.WSF;.WSH;.MSC
352     wininit.exe     0x1e0d18        PROCESSOR_ARCHITECTURE  x86
352     wininit.exe     0x1e0d18        PROCESSOR_IDENTIFIER    x86 Family 23 Model 96 Stepping 1, AuthenticAMD
352     wininit.exe     0x1e0d18        PROCESSOR_LEVEL 23
352     wininit.exe     0x1e0d18        PROCESSOR_REVISION      6001
352     wininit.exe     0x1e0d18        ProgramData     C:\ProgramData
352     wininit.exe     0x1e0d18        ProgramFiles    C:\Program Files
352     wininit.exe     0x1e0d18        PSModulePath    C:\Windows\system32\WindowsPowerShell\v1.0\Modules\
352     wininit.exe     0x1e0d18        PUBLIC  C:\Users\Public
352     wininit.exe     0x1e0d18        SystemDrive     C:
352     wininit.exe     0x1e0d18        SystemRoot      C:\Windows
352     wininit.exe     0x1e0d18        TEMP    C:\Windows\TEMP
352     wininit.exe     0x1e0d18        TMP     C:\Windows\TEMP
352     wininit.exe     0x1e0d18        USERNAME        SYSTEM
352     wininit.exe     0x1e0d18        USERPROFILE     C:\Windows\system32\config\systemprofile
352     wininit.exe     0x1e0d18        windir  C:\Windows
364     csrss.exe       0x3f0d18        ComSpec C:\Windows\system32\cmd.exe
364     csrss.exe       0x3f0d18        CYGWIN  mintty
364     csrss.exe       0x3f0d18        FP_NO_HOST_CHECK        NO
364     csrss.exe       0x3f0d18        NUMBER_OF_PROCESSORS    1
364     csrss.exe       0x3f0d18        OS      Windows_NT
364     csrss.exe       0x3f0d18        Path    C:\Windows\system32;C:\Windows;C:\Windows\System32\Wbem;C:\Windows\System32\WindowsPowerShell\v1.0\;C:\Program Files\OpenSSH\bin
364     csrss.exe       0x3f0d18        PATHEXT .COM;.EXE;.BAT;.CMD;.VBS;.VBE;.JS;.JSE;.WSF;.WSH;.MSC
364     csrss.exe       0x3f0d18        PROCESSOR_ARCHITECTURE  x86
364     csrss.exe       0x3f0d18        PROCESSOR_IDENTIFIER    x86 Family 23 Model 96 Stepping 1, AuthenticAMD
364     csrss.exe       0x3f0d18        PROCESSOR_LEVEL 23
364     csrss.exe       0x3f0d18        PROCESSOR_REVISION      6001
364     csrss.exe       0x3f0d18        PSModulePath    C:\Windows\system32\WindowsPowerShell\v1.0\Modules\
364     csrss.exe       0x3f0d18        SystemDrive     C:
364     csrss.exe       0x3f0d18        SystemRoot      C:\Windows
364     csrss.exe       0x3f0d18        TEMP    C:\Windows\TEMP
364     csrss.exe       0x3f0d18        TMP     C:\Windows\TEMP
364     csrss.exe       0x3f0d18        USERNAME        SYSTEM
364     csrss.exe       0x3f0d18        windir  C:\Windows
404     services.exe    0x170ef0        ALLUSERSPROFILE C:\ProgramData
404     services.exe    0x170ef0        CommonProgramFiles      C:\Program Files\Common Files
404     services.exe    0x170ef0        COMPUTERNAME    IE8WIN7
404     services.exe    0x170ef0        ComSpec C:\Windows\system32\cmd.exe
404     services.exe    0x170ef0        CYGWIN  mintty
404     services.exe    0x170ef0        FP_NO_HOST_CHECK        NO
404     services.exe    0x170ef0        NUMBER_OF_PROCESSORS    1
404     services.exe    0x170ef0        OS      Windows_NT
404     services.exe    0x170ef0        Path    C:\Windows\system32;C:\Windows;C:\Windows\System32\Wbem;C:\Windows\System32\WindowsPowerShell\v1.0\;C:\Program Files\OpenSSH\bin
404     services.exe    0x170ef0        PATHEXT .COM;.EXE;.BAT;.CMD;.VBS;.VBE;.JS;.JSE;.WSF;.WSH;.MSC
404     services.exe    0x170ef0        PROCESSOR_ARCHITECTURE  x86
404     services.exe    0x170ef0        PROCESSOR_IDENTIFIER    x86 Family 23 Model 96 Stepping 1, AuthenticAMD
404     services.exe    0x170ef0        PROCESSOR_LEVEL 23
404     services.exe    0x170ef0        PROCESSOR_REVISION      6001
404     services.exe    0x170ef0        ProgramData     C:\ProgramData
404     services.exe    0x170ef0        ProgramFiles    C:\Program Files
404     services.exe    0x170ef0        PSModulePath    C:\Windows\system32\WindowsPowerShell\v1.0\Modules\
404     services.exe    0x170ef0        PUBLIC  C:\Users\Public
404     services.exe    0x170ef0        SystemDrive     C:
404     services.exe    0x170ef0        SystemRoot      C:\Windows
404     services.exe    0x170ef0        TEMP    C:\Windows\TEMP
404     services.exe    0x170ef0        TMP     C:\Windows\TEMP
404     services.exe    0x170ef0        USERNAME        SYSTEM
404     services.exe    0x170ef0        USERPROFILE     C:\Windows\system32\config\systemprofile
404     services.exe    0x170ef0        windir  C:\Windows
412     lsass.exe       0x510ef0        ALLUSERSPROFILE C:\ProgramData
412     lsass.exe       0x510ef0        CommonProgramFiles      C:\Program Files\Common Files
412     lsass.exe       0x510ef0        COMPUTERNAME    IE8WIN7
412     lsass.exe       0x510ef0        ComSpec C:\Windows\system32\cmd.exe
412     lsass.exe       0x510ef0        CYGWIN  mintty
412     lsass.exe       0x510ef0        FP_NO_HOST_CHECK        NO
412     lsass.exe       0x510ef0        NUMBER_OF_PROCESSORS    1
412     lsass.exe       0x510ef0        OS      Windows_NT
412     lsass.exe       0x510ef0        Path    C:\Windows\System32
412     lsass.exe       0x510ef0        PATHEXT .COM;.EXE;.BAT;.CMD;.VBS;.VBE;.JS;.JSE;.WSF;.WSH;.MSC
412     lsass.exe       0x510ef0        PROCESSOR_ARCHITECTURE  x86
412     lsass.exe       0x510ef0        PROCESSOR_IDENTIFIER    x86 Family 23 Model 96 Stepping 1, AuthenticAMD
412     lsass.exe       0x510ef0        PROCESSOR_LEVEL 23
412     lsass.exe       0x510ef0        PROCESSOR_REVISION      6001
412     lsass.exe       0x510ef0        ProgramData     C:\ProgramData
412     lsass.exe       0x510ef0        ProgramFiles    C:\Program Files
412     lsass.exe       0x510ef0        PSModulePath    C:\Windows\system32\WindowsPowerShell\v1.0\Modules\
412     lsass.exe       0x510ef0        PUBLIC  C:\Users\Public
412     lsass.exe       0x510ef0        SystemDrive     C:
412     lsass.exe       0x510ef0        SystemRoot      C:\Windows
412     lsass.exe       0x510ef0        TEMP    C:\Windows\TEMP
412     lsass.exe       0x510ef0        TMP     C:\Windows\TEMP
412     lsass.exe       0x510ef0        USERNAME        SYSTEM
412     lsass.exe       0x510ef0        USERPROFILE     C:\Windows\system32\config\systemprofile
412     lsass.exe       0x510ef0        windir  C:\Windows
412     lsass.exe       0x510ef0        TMP     C:\Windows\TEMP
412     lsass.exe       0x510ef0        USERNAME        SYSTEM
412     lsass.exe       0x510ef0        USERPROFILE     C:\Windows\system32\config\systemprofile
412     lsass.exe       0x510ef0        windir  C:\Windows
420     lsm.exe 0x210ef0        ALLUSERSPROFILE C:\ProgramData
420     lsm.exe 0x210ef0        CommonProgramFiles      C:\Program Files\Common Files
420     lsm.exe 0x210ef0        COMPUTERNAME    IE8WIN7
420     lsm.exe 0x210ef0        ComSpec C:\Windows\system32\cmd.exe
420     lsm.exe 0x210ef0        CYGWIN  mintty
420     lsm.exe 0x210ef0        FP_NO_HOST_CHECK        NO
420     lsm.exe 0x210ef0        NUMBER_OF_PROCESSORS    1
420     lsm.exe 0x210ef0        OS      Windows_NT
420     lsm.exe 0x210ef0        Path    C:\Windows\system32;C:\Windows;C:\Windows\System32\Wbem;C:\Windows\System32\WindowsPowerShell\v1.0\;C:\Program Files\OpenSSH\bin
420     lsm.exe 0x210ef0        PATHEXT .COM;.EXE;.BAT;.CMD;.VBS;.VBE;.JS;.JSE;.WSF;.WSH;.MSC
420     lsm.exe 0x210ef0        PROCESSOR_ARCHITECTURE  x86
420     lsm.exe 0x210ef0        PROCESSOR_IDENTIFIER    x86 Family 23 Model 96 Stepping 1, AuthenticAMD
420     lsm.exe 0x210ef0        PROCESSOR_LEVEL 23
420     lsm.exe 0x210ef0        PROCESSOR_REVISION      6001
420     lsm.exe 0x210ef0        ProgramData     C:\ProgramData
420     lsm.exe 0x210ef0        ProgramFiles    C:\Program Files
420     lsm.exe 0x210ef0        PSModulePath    C:\Windows\system32\WindowsPowerShell\v1.0\Modules\
420     lsm.exe 0x210ef0        PUBLIC  C:\Users\Public
420     lsm.exe 0x210ef0        SystemDrive     C:
420     lsm.exe 0x210ef0        SystemRoot      C:\Windows
420     lsm.exe 0x210ef0        TEMP    C:\Windows\TEMP
420     lsm.exe 0x210ef0        TMP     C:\Windows\TEMP
420     lsm.exe 0x210ef0        USERNAME        SYSTEM
420     lsm.exe 0x210ef0        USERPROFILE     C:\Windows\system32\config\systemprofile
420     lsm.exe 0x210ef0        windir  C:\Windows
496     winlogon.exe    0xb0d18 ALLUSERSPROFILE C:\ProgramData
496     winlogon.exe    0xb0d18 CommonProgramFiles      C:\Program Files\Common Files
496     winlogon.exe    0xb0d18 COMPUTERNAME    IE8WIN7
496     winlogon.exe    0xb0d18 ComSpec C:\Windows\system32\cmd.exe
496     winlogon.exe    0xb0d18 CYGWIN  mintty
496     winlogon.exe    0xb0d18 FP_NO_HOST_CHECK        NO
496     winlogon.exe    0xb0d18 NUMBER_OF_PROCESSORS    1
496     winlogon.exe    0xb0d18 OS      Windows_NT
496     winlogon.exe    0xb0d18 Path    C:\Windows\system32;C:\Windows;C:\Windows\System32\Wbem;C:\Windows\System32\WindowsPowerShell\v1.0\;C:\Program Files\OpenSSH\bin
496     winlogon.exe    0xb0d18 PATHEXT .COM;.EXE;.BAT;.CMD;.VBS;.VBE;.JS;.JSE;.WSF;.WSH;.MSC
496     winlogon.exe    0xb0d18 PROCESSOR_ARCHITECTURE  x86
496     winlogon.exe    0xb0d18 PROCESSOR_IDENTIFIER    x86 Family 23 Model 96 Stepping 1, AuthenticAMD
496     winlogon.exe    0xb0d18 PROCESSOR_LEVEL 23
496     winlogon.exe    0xb0d18 PROCESSOR_REVISION      6001
496     winlogon.exe    0xb0d18 ProgramData     C:\ProgramData
496     winlogon.exe    0xb0d18 ProgramFiles    C:\Program Files
496     winlogon.exe    0xb0d18 PSModulePath    C:\Windows\system32\WindowsPowerShell\v1.0\Modules\
496     winlogon.exe    0xb0d18 PUBLIC  C:\Users\Public
496     winlogon.exe    0xb0d18 SystemDrive     C:
496     winlogon.exe    0xb0d18 SystemRoot      C:\Windows
496     winlogon.exe    0xb0d18 TEMP    C:\Windows\TEMP
496     winlogon.exe    0xb0d18 TMP     C:\Windows\TEMP
496     winlogon.exe    0xb0d18 USERNAME        SYSTEM
496     winlogon.exe    0xb0d18 USERPROFILE     C:\Windows\system32\config\systemprofile
496     winlogon.exe    0xb0d18 windir  C:\Windows
576     svchost.exe     0x301030        ALLUSERSPROFILE C:\ProgramData
576     svchost.exe     0x301030        APPDATA C:\Windows\system32\config\systemprofile\AppData\Roaming
576     svchost.exe     0x301030        CommonProgramFiles      C:\Program Files\Common Files
576     svchost.exe     0x301030        COMPUTERNAME    IE8WIN7
576     svchost.exe     0x301030        ComSpec C:\Windows\system32\cmd.exe
576     svchost.exe     0x301030        CYGWIN  mintty
576     svchost.exe     0x301030        FP_NO_HOST_CHECK        NO
576     svchost.exe     0x301030        LOCALAPPDATA    C:\Windows\system32\config\systemprofile\AppData\Local
576     svchost.exe     0x301030        NUMBER_OF_PROCESSORS    1
576     svchost.exe     0x301030        OS      Windows_NT
576     svchost.exe     0x301030        Path    C:\Windows\system32;C:\Windows;C:\Windows\System32\Wbem;C:\Windows\System32\WindowsPowerShell\v1.0\;C:\Program Files\OpenSSH\bin
576     svchost.exe     0x301030        PATHEXT .COM;.EXE;.BAT;.CMD;.VBS;.VBE;.JS;.JSE;.WSF;.WSH;.MSC
576     svchost.exe     0x301030        PROCESSOR_ARCHITECTURE  x86
576     svchost.exe     0x301030        PROCESSOR_IDENTIFIER    x86 Family 23 Model 96 Stepping 1, AuthenticAMD
576     svchost.exe     0x301030        PROCESSOR_LEVEL 23
576     svchost.exe     0x301030        PROCESSOR_REVISION      6001
576     svchost.exe     0x301030        ProgramData     C:\ProgramData
576     svchost.exe     0x301030        ProgramFiles    C:\Program Files
576     svchost.exe     0x301030        PSModulePath    C:\Windows\system32\WindowsPowerShell\v1.0\Modules\
576     svchost.exe     0x301030        PUBLIC  C:\Users\Public
576     svchost.exe     0x301030        SystemDrive     C:
576     svchost.exe     0x301030        SystemRoot      C:\Windows
576     svchost.exe     0x301030        TEMP    C:\Windows\TEMP
576     svchost.exe     0x301030        TMP     C:\Windows\TEMP
576     svchost.exe     0x301030        USERDOMAIN      WORKGROUP
576     svchost.exe     0x301030        USERNAME        IE8WIN7$
576     svchost.exe     0x301030        USERPROFILE     C:\Windows\system32\config\systemprofile
576     svchost.exe     0x301030        windir  C:\Windows
640     VBoxService.ex  0x1e1030        ALLUSERSPROFILE C:\ProgramData
640     VBoxService.ex  0x1e1030        APPDATA C:\Windows\system32\config\systemprofile\AppData\Roaming
640     VBoxService.ex  0x1e1030        CommonProgramFiles      C:\Program Files\Common Files
640     VBoxService.ex  0x1e1030        COMPUTERNAME    IE8WIN7
640     VBoxService.ex  0x1e1030        ComSpec C:\Windows\system32\cmd.exe
640     VBoxService.ex  0x1e1030        CYGWIN  mintty
640     VBoxService.ex  0x1e1030        FP_NO_HOST_CHECK        NO
640     VBoxService.ex  0x1e1030        LOCALAPPDATA    C:\Windows\system32\config\systemprofile\AppData\Local
640     VBoxService.ex  0x1e1030        NUMBER_OF_PROCESSORS    1
640     VBoxService.ex  0x1e1030        OS      Windows_NT
640     VBoxService.ex  0x1e1030        Path    C:\Windows\system32;C:\Windows;C:\Windows\System32\Wbem;C:\Windows\System32\WindowsPowerShell\v1.0\;C:\Program Files\OpenSSH\bin;
640     VBoxService.ex  0x1e1030        PATHEXT .COM;.EXE;.BAT;.CMD;.VBS;.VBE;.JS;.JSE;.WSF;.WSH;.MSC
640     VBoxService.ex  0x1e1030        PROCESSOR_ARCHITECTURE  x86
640     VBoxService.ex  0x1e1030        PROCESSOR_IDENTIFIER    x86 Family 23 Model 96 Stepping 1, AuthenticAMD
640     VBoxService.ex  0x1e1030        PROCESSOR_LEVEL 23
640     VBoxService.ex  0x1e1030        PROCESSOR_REVISION      6001
640     VBoxService.ex  0x1e1030        ProgramData     C:\ProgramData
640     VBoxService.ex  0x1e1030        ProgramFiles    C:\Program Files
640     VBoxService.ex  0x1e1030        PSModulePath    C:\Windows\system32\WindowsPowerShell\v1.0\Modules\
640     VBoxService.ex  0x1e1030        PUBLIC  C:\Users\Public
640     VBoxService.ex  0x1e1030        SystemDrive     C:
640     VBoxService.ex  0x1e1030        SystemRoot      C:\Windows
640     VBoxService.ex  0x1e1030        TEMP    C:\Windows\TEMP
640     VBoxService.ex  0x1e1030        TMP     C:\Windows\TEMP
640     VBoxService.ex  0x1e1030        USERDOMAIN      WORKGROUP
640     VBoxService.ex  0x1e1030        USERNAME        IE8WIN7$
640     VBoxService.ex  0x1e1030        USERPROFILE     C:\Windows\system32\config\systemprofile
640     VBoxService.ex  0x1e1030        windir  C:\Windows
696     svchost.exe     0x1510b0        ALLUSERSPROFILE C:\ProgramData
696     svchost.exe     0x1510b0        APPDATA C:\Windows\ServiceProfiles\NetworkService\AppData\Roaming
696     svchost.exe     0x1510b0        CommonProgramFiles      C:\Program Files\Common Files
696     svchost.exe     0x1510b0        COMPUTERNAME    IE8WIN7
696     svchost.exe     0x1510b0        ComSpec C:\Windows\system32\cmd.exe
696     svchost.exe     0x1510b0        CYGWIN  mintty
696     svchost.exe     0x1510b0        FP_NO_HOST_CHECK        NO
696     svchost.exe     0x1510b0        LOCALAPPDATA    C:\Windows\ServiceProfiles\NetworkService\AppData\Local
696     svchost.exe     0x1510b0        NUMBER_OF_PROCESSORS    1
696     svchost.exe     0x1510b0        OS      Windows_NT
696     svchost.exe     0x1510b0        Path    C:\Windows\system32;C:\Windows;C:\Windows\System32\Wbem;C:\Windows\System32\WindowsPowerShell\v1.0\;C:\Program Files\OpenSSH\bin
696     svchost.exe     0x1510b0        PATHEXT .COM;.EXE;.BAT;.CMD;.VBS;.VBE;.JS;.JSE;.WSF;.WSH;.MSC
696     svchost.exe     0x1510b0        PROCESSOR_ARCHITECTURE  x86
696     svchost.exe     0x1510b0        PROCESSOR_IDENTIFIER    x86 Family 23 Model 96 Stepping 1, AuthenticAMD
696     svchost.exe     0x1510b0        PROCESSOR_LEVEL 23
696     svchost.exe     0x1510b0        PROCESSOR_REVISION      6001
696     svchost.exe     0x1510b0        ProgramData     C:\ProgramData
696     svchost.exe     0x1510b0        ProgramFiles    C:\Program Files
696     svchost.exe     0x1510b0        PSModulePath    C:\Windows\system32\WindowsPowerShell\v1.0\Modules\
696     svchost.exe     0x1510b0        PUBLIC  C:\Users\Public
696     svchost.exe     0x1510b0        SystemDrive     C:
696     svchost.exe     0x1510b0        SystemRoot      C:\Windows
696     svchost.exe     0x1510b0        TEMP    C:\Windows\SERVIC~2\NETWOR~1\AppData\Local\Temp
696     svchost.exe     0x1510b0        TMP     C:\Windows\SERVIC~2\NETWOR~1\AppData\Local\Temp
696     svchost.exe     0x1510b0        USERDOMAIN      WORKGROUP
696     svchost.exe     0x1510b0        USERNAME        IE8WIN7$
696     svchost.exe     0x1510b0        USERPROFILE     C:\Windows\ServiceProfiles\NetworkService
696     svchost.exe     0x1510b0        windir  C:\Windows
748     svchost.exe     0x2110b0        ALLUSERSPROFILE C:\ProgramData
748     svchost.exe     0x2110b0        APPDATA C:\Windows\ServiceProfiles\LocalService\AppData\Roaming
748     svchost.exe     0x2110b0        CommonProgramFiles      C:\Program Files\Common Files
748     svchost.exe     0x2110b0        COMPUTERNAME    IE8WIN7
748     svchost.exe     0x2110b0        ComSpec C:\Windows\system32\cmd.exe
748     svchost.exe     0x2110b0        CYGWIN  mintty
748     svchost.exe     0x2110b0        FP_NO_HOST_CHECK        NO
748     svchost.exe     0x2110b0        LOCALAPPDATA    C:\Windows\ServiceProfiles\LocalService\AppData\Local
748     svchost.exe     0x2110b0        NUMBER_OF_PROCESSORS    1
748     svchost.exe     0x2110b0        OS      Windows_NT
748     svchost.exe     0x2110b0        Path    C:\Windows\system32;C:\Windows;C:\Windows\System32\Wbem;C:\Windows\System32\WindowsPowerShell\v1.0\;C:\Program Files\OpenSSH\bin
748     svchost.exe     0x2110b0        PATHEXT .COM;.EXE;.BAT;.CMD;.VBS;.VBE;.JS;.JSE;.WSF;.WSH;.MSC
748     svchost.exe     0x2110b0        PROCESSOR_ARCHITECTURE  x86
748     svchost.exe     0x2110b0        PROCESSOR_IDENTIFIER    x86 Family 23 Model 96 Stepping 1, AuthenticAMD
748     svchost.exe     0x2110b0        PROCESSOR_LEVEL 23
748     svchost.exe     0x2110b0        PROCESSOR_REVISION      6001
748     svchost.exe     0x2110b0        ProgramData     C:\ProgramData
748     svchost.exe     0x2110b0        ProgramFiles    C:\Program Files
748     svchost.exe     0x2110b0        PSModulePath    C:\Windows\system32\WindowsPowerShell\v1.0\Modules\
748     svchost.exe     0x2110b0        PUBLIC  C:\Users\Public
748     svchost.exe     0x2110b0        SystemDrive     C:
748     svchost.exe     0x2110b0        SystemRoot      C:\Windows
748     svchost.exe     0x2110b0        TEMP    C:\Windows\SERVIC~2\LOCALS~1\AppData\Local\Temp
748     svchost.exe     0x2110b0        TMP     C:\Windows\SERVIC~2\LOCALS~1\AppData\Local\Temp
748     svchost.exe     0x2110b0        USERDOMAIN      NT AUTHORITY
748     svchost.exe     0x2110b0        USERNAME        LOCAL SERVICE
748     svchost.exe     0x2110b0        USERPROFILE     C:\Windows\ServiceProfiles\LocalService
748     svchost.exe     0x2110b0        windir  C:\Windows
864     svchost.exe     0x3e1030        ALLUSERSPROFILE C:\ProgramData
864     svchost.exe     0x3e1030        APPDATA C:\Windows\system32\config\systemprofile\AppData\Roaming
864     svchost.exe     0x3e1030        CommonProgramFiles      C:\Program Files\Common Files
864     svchost.exe     0x3e1030        COMPUTERNAME    IE8WIN7
864     svchost.exe     0x3e1030        ComSpec C:\Windows\system32\cmd.exe
864     svchost.exe     0x3e1030        CYGWIN  mintty
864     svchost.exe     0x3e1030        FP_NO_HOST_CHECK        NO
864     svchost.exe     0x3e1030        LOCALAPPDATA    C:\Windows\system32\config\systemprofile\AppData\Local
864     svchost.exe     0x3e1030        NUMBER_OF_PROCESSORS    1
864     svchost.exe     0x3e1030        OS      Windows_NT
864     svchost.exe     0x3e1030        Path    C:\Windows\system32;C:\Windows;C:\Windows\System32\Wbem;C:\Windows\System32\WindowsPowerShell\v1.0\;C:\Program Files\OpenSSH\bin
864     svchost.exe     0x3e1030        PATHEXT .COM;.EXE;.BAT;.CMD;.VBS;.VBE;.JS;.JSE;.WSF;.WSH;.MSC
864     svchost.exe     0x3e1030        PROCESSOR_ARCHITECTURE  x86
864     svchost.exe     0x3e1030        PROCESSOR_IDENTIFIER    x86 Family 23 Model 96 Stepping 1, AuthenticAMD
864     svchost.exe     0x3e1030        PROCESSOR_LEVEL 23
864     svchost.exe     0x3e1030        PROCESSOR_REVISION      6001
864     svchost.exe     0x3e1030        ProgramData     C:\ProgramData
864     svchost.exe     0x3e1030        ProgramFiles    C:\Program Files
864     svchost.exe     0x3e1030        PSModulePath    C:\Windows\system32\WindowsPowerShell\v1.0\Modules\
864     svchost.exe     0x3e1030        PUBLIC  C:\Users\Public
864     svchost.exe     0x3e1030        SystemDrive     C:
864     svchost.exe     0x3e1030        SystemRoot      C:\Windows
864     svchost.exe     0x3e1030        TEMP    C:\Windows\TEMP
864     svchost.exe     0x3e1030        TMP     C:\Windows\TEMP
864     svchost.exe     0x3e1030        USERDOMAIN      WORKGROUP
864     svchost.exe     0x3e1030        USERNAME        IE8WIN7$
864     svchost.exe     0x3e1030        USERPROFILE     C:\Windows\system32\config\systemprofile
864     svchost.exe     0x3e1030        windir  C:\Windows
904     svchost.exe     0x2b1030        ALLUSERSPROFILE C:\ProgramData
904     svchost.exe     0x2b1030        APPDATA C:\Windows\system32\config\systemprofile\AppData\Roaming
904     svchost.exe     0x2b1030        CommonProgramFiles      C:\Program Files\Common Files
904     svchost.exe     0x2b1030        COMPUTERNAME    IE8WIN7
904     svchost.exe     0x2b1030        ComSpec C:\Windows\system32\cmd.exe
904     svchost.exe     0x2b1030        CYGWIN  mintty
904     svchost.exe     0x2b1030        FP_NO_HOST_CHECK        NO
904     svchost.exe     0x2b1030        LOCALAPPDATA    C:\Windows\system32\config\systemprofile\AppData\Local
904     svchost.exe     0x2b1030        NUMBER_OF_PROCESSORS    1
904     svchost.exe     0x2b1030        OS      Windows_NT
904     svchost.exe     0x2b1030        Path    C:\Windows\system32;C:\Windows;C:\Windows\System32\Wbem;C:\Windows\System32\WindowsPowerShell\v1.0\;C:\Program Files\OpenSSH\bin
904     svchost.exe     0x2b1030        PATHEXT .COM;.EXE;.BAT;.CMD;.VBS;.VBE;.JS;.JSE;.WSF;.WSH;.MSC
904     svchost.exe     0x2b1030        PROCESSOR_ARCHITECTURE  x86
904     svchost.exe     0x2b1030        PROCESSOR_IDENTIFIER    x86 Family 23 Model 96 Stepping 1, AuthenticAMD
904     svchost.exe     0x2b1030        PROCESSOR_LEVEL 23
904     svchost.exe     0x2b1030        PROCESSOR_REVISION      6001
904     svchost.exe     0x2b1030        ProgramData     C:\ProgramData
904     svchost.exe     0x2b1030        ProgramFiles    C:\Program Files
904     svchost.exe     0x2b1030        PSModulePath    C:\Windows\system32\WindowsPowerShell\v1.0\Modules\
904     svchost.exe     0x2b1030        PUBLIC  C:\Users\Public
904     svchost.exe     0x2b1030        SystemDrive     C:
904     svchost.exe     0x2b1030        SystemRoot      C:\Windows
904     svchost.exe     0x2b1030        TEMP    C:\Windows\TEMP
904     svchost.exe     0x2b1030        TMP     C:\Windows\TEMP
904     svchost.exe     0x2b1030        USERDOMAIN      WORKGROUP
904     svchost.exe     0x2b1030        USERNAME        IE8WIN7$
904     svchost.exe     0x2b1030        USERPROFILE     C:\Windows\system32\config\systemprofile
904     svchost.exe     0x2b1030        windir  C:\Windows
1016    svchost.exe     0x1910b0        ALLUSERSPROFILE C:\ProgramData
1016    svchost.exe     0x1910b0        APPDATA C:\Windows\ServiceProfiles\LocalService\AppData\Roaming
1016    svchost.exe     0x1910b0        CommonProgramFiles      C:\Program Files\Common Files
1016    svchost.exe     0x1910b0        COMPUTERNAME    IE8WIN7
1016    svchost.exe     0x1910b0        ComSpec C:\Windows\system32\cmd.exe
1016    svchost.exe     0x1910b0        CYGWIN  mintty
1016    svchost.exe     0x1910b0        FP_NO_HOST_CHECK        NO
1016    svchost.exe     0x1910b0        LOCALAPPDATA    C:\Windows\ServiceProfiles\LocalService\AppData\Local
1016    svchost.exe     0x1910b0        NUMBER_OF_PROCESSORS    1
1016    svchost.exe     0x1910b0        OS      Windows_NT
1016    svchost.exe     0x1910b0        Path    C:\Windows\system32;C:\Windows;C:\Windows\System32\Wbem;C:\Windows\System32\WindowsPowerShell\v1.0\;C:\Program Files\OpenSSH\bin
1016    svchost.exe     0x1910b0        PATHEXT .COM;.EXE;.BAT;.CMD;.VBS;.VBE;.JS;.JSE;.WSF;.WSH;.MSC
1016    svchost.exe     0x1910b0        PROCESSOR_ARCHITECTURE  x86
1016    svchost.exe     0x1910b0        PROCESSOR_IDENTIFIER    x86 Family 23 Model 96 Stepping 1, AuthenticAMD
1016    svchost.exe     0x1910b0        PROCESSOR_LEVEL 23
1016    svchost.exe     0x1910b0        PROCESSOR_REVISION      6001
1016    svchost.exe     0x1910b0        ProgramData     C:\ProgramData
1016    svchost.exe     0x1910b0        ProgramFiles    C:\Program Files
1016    svchost.exe     0x1910b0        PSModulePath    C:\Windows\system32\WindowsPowerShell\v1.0\Modules\
1016    svchost.exe     0x1910b0        PUBLIC  C:\Users\Public
1016    svchost.exe     0x1910b0        SystemDrive     C:
1016    svchost.exe     0x1910b0        SystemRoot      C:\Windows
1016    svchost.exe     0x1910b0        TEMP    C:\Windows\SERVIC~2\LOCALS~1\AppData\Local\Temp
1016    svchost.exe     0x1910b0        TMP     C:\Windows\SERVIC~2\LOCALS~1\AppData\Local\Temp
1016    svchost.exe     0x1910b0        USERDOMAIN      NT AUTHORITY
1016    svchost.exe     0x1910b0        USERNAME        LOCAL SERVICE
1016    svchost.exe     0x1910b0        USERPROFILE     C:\Windows\ServiceProfiles\LocalService
1016    svchost.exe     0x1910b0        windir  C:\Windows
1108    svchost.exe     0x2110b0        ALLUSERSPROFILE C:\ProgramData
1108    svchost.exe     0x2110b0        APPDATA C:\Windows\ServiceProfiles\NetworkService\AppData\Roaming
1108    svchost.exe     0x2110b0        CommonProgramFiles      C:\Program Files\Common Files
1108    svchost.exe     0x2110b0        COMPUTERNAME    IE8WIN7
1108    svchost.exe     0x2110b0        ComSpec C:\Windows\system32\cmd.exe
1108    svchost.exe     0x2110b0        CYGWIN  mintty
1108    svchost.exe     0x2110b0        FP_NO_HOST_CHECK        NO
1108    svchost.exe     0x2110b0        LOCALAPPDATA    C:\Windows\ServiceProfiles\NetworkService\AppData\Local
1108    svchost.exe     0x2110b0        NUMBER_OF_PROCESSORS    1
1108    svchost.exe     0x2110b0        OS      Windows_NT
1108    svchost.exe     0x2110b0        Path    C:\Windows\system32;C:\Windows;C:\Windows\System32\Wbem;C:\Windows\System32\WindowsPowerShell\v1.0\;C:\Program Files\OpenSSH\bin
1108    svchost.exe     0x2110b0        PATHEXT .COM;.EXE;.BAT;.CMD;.VBS;.VBE;.JS;.JSE;.WSF;.WSH;.MSC
1108    svchost.exe     0x2110b0        PROCESSOR_ARCHITECTURE  x86
1108    svchost.exe     0x2110b0        PROCESSOR_IDENTIFIER    x86 Family 23 Model 96 Stepping 1, AuthenticAMD
1108    svchost.exe     0x2110b0        PROCESSOR_LEVEL 23
1108    svchost.exe     0x2110b0        PROCESSOR_REVISION      6001
1108    svchost.exe     0x2110b0        ProgramData     C:\ProgramData
1108    svchost.exe     0x2110b0        ProgramFiles    C:\Program Files
1108    svchost.exe     0x2110b0        PSModulePath    C:\Windows\system32\WindowsPowerShell\v1.0\Modules\
1108    svchost.exe     0x2110b0        PUBLIC  C:\Users\Public
1108    svchost.exe     0x2110b0        SystemDrive     C:
1108    svchost.exe     0x2110b0        SystemRoot      C:\Windows
1108    svchost.exe     0x2110b0        TEMP    C:\Windows\SERVIC~2\NETWOR~1\AppData\Local\Temp
1108    svchost.exe     0x2110b0        TMP     C:\Windows\SERVIC~2\NETWOR~1\AppData\Local\Temp
1108    svchost.exe     0x2110b0        USERDOMAIN      WORKGROUP
1108    svchost.exe     0x2110b0        USERNAME        IE8WIN7$
1108    svchost.exe     0x2110b0        USERPROFILE     C:\Windows\ServiceProfiles\NetworkService
1108    svchost.exe     0x2110b0        windir  C:\Windows
1256    dwm.exe 0x241048        ALLUSERSPROFILE C:\ProgramData
1256    dwm.exe 0x241048        APPDATA C:\Users\IEUser\AppData\Roaming
1256    dwm.exe 0x241048        CommonProgramFiles      C:\Program Files\Common Files
1256    dwm.exe 0x241048        COMPUTERNAME    IE8WIN7
1256    dwm.exe 0x241048        ComSpec C:\Windows\system32\cmd.exe
1256    dwm.exe 0x241048        CYGWIN  mintty
1256    dwm.exe 0x241048        FP_NO_HOST_CHECK        NO
1256    dwm.exe 0x241048        HOMEDRIVE       C:
1256    dwm.exe 0x241048        HOMEPATH        \Users\IEUser
1256    dwm.exe 0x241048        LOCALAPPDATA    C:\Users\IEUser\AppData\Local
1256    dwm.exe 0x241048        LOGONSERVER     \\IE8WIN7
1256    dwm.exe 0x241048        NUMBER_OF_PROCESSORS    1
1256    dwm.exe 0x241048        OS      Windows_NT
1256    dwm.exe 0x241048        Path    C:\Windows\system32;C:\Windows;C:\Windows\System32\Wbem;C:\Windows\System32\WindowsPowerShell\v1.0\;C:\Program Files\OpenSSH\bin
1256    dwm.exe 0x241048        PATHEXT .COM;.EXE;.BAT;.CMD;.VBS;.VBE;.JS;.JSE;.WSF;.WSH;.MSC
1256    dwm.exe 0x241048        PROCESSOR_ARCHITECTURE  x86
1256    dwm.exe 0x241048        PROCESSOR_IDENTIFIER    x86 Family 23 Model 96 Stepping 1, AuthenticAMD
1256    dwm.exe 0x241048        PROCESSOR_LEVEL 23
1256    dwm.exe 0x241048        PROCESSOR_REVISION      6001
1256    dwm.exe 0x241048        ProgramData     C:\ProgramData
1256    dwm.exe 0x241048        ProgramFiles    C:\Program Files
1256    dwm.exe 0x241048        PSModulePath    C:\Windows\system32\WindowsPowerShell\v1.0\Modules\
1256    dwm.exe 0x241048        PUBLIC  C:\Users\Public
1256    dwm.exe 0x241048        SystemDrive     C:
1256    dwm.exe 0x241048        SystemRoot      C:\Windows
1256    dwm.exe 0x241048        TEMP    C:\Users\IEUser\AppData\Local\Temp
1256    dwm.exe 0x241048        TMP     C:\Users\IEUser\AppData\Local\Temp
1256    dwm.exe 0x241048        USERDOMAIN      IE8WIN7
1256    dwm.exe 0x241048        USERNAME        IEUser
1256    dwm.exe 0x241048        USERPROFILE     C:\Users\IEUser
1256    dwm.exe 0x241048        windir  C:\Windows
1272    explorer.exe    0x381070        ALLUSERSPROFILE C:\ProgramData
1272    explorer.exe    0x381070        APPDATA C:\Users\IEUser\AppData\Roaming
1272    explorer.exe    0x381070        CommonProgramFiles      C:\Program Files\Common Files
1272    explorer.exe    0x381070        COMPUTERNAME    IE8WIN7
1272    explorer.exe    0x381070        ComSpec C:\Windows\system32\cmd.exe
1272    explorer.exe    0x381070        CYGWIN  mintty
1272    explorer.exe    0x381070        FP_NO_HOST_CHECK        NO
1272    explorer.exe    0x381070        HOMEDRIVE       C:
1272    explorer.exe    0x381070        HOMEPATH        \Users\IEUser
1272    explorer.exe    0x381070        LOCALAPPDATA    C:\Users\IEUser\AppData\Local
1272    explorer.exe    0x381070        LOGONSERVER     \\IE8WIN7
1272    explorer.exe    0x381070        NUMBER_OF_PROCESSORS    1
1272    explorer.exe    0x381070        OS      Windows_NT
1272    explorer.exe    0x381070        Path    C:\Windows\system32;C:\Windows;C:\Windows\System32\Wbem;C:\Windows\System32\WindowsPowerShell\v1.0\;C:\Program Files\OpenSSH\bin
1272    explorer.exe    0x381070        PATHEXT .COM;.EXE;.BAT;.CMD;.VBS;.VBE;.JS;.JSE;.WSF;.WSH;.MSC
1272    explorer.exe    0x381070        PROCESSOR_ARCHITECTURE  x86
1272    explorer.exe    0x381070        PROCESSOR_IDENTIFIER    x86 Family 23 Model 96 Stepping 1, AuthenticAMD
1272    explorer.exe    0x381070        PROCESSOR_LEVEL 23
1272    explorer.exe    0x381070        PROCESSOR_REVISION      6001
1272    explorer.exe    0x381070        ProgramData     C:\ProgramData
1272    explorer.exe    0x381070        ProgramFiles    C:\Program Files
1272    explorer.exe    0x381070        PSModulePath    C:\Windows\system32\WindowsPowerShell\v1.0\Modules\
1272    explorer.exe    0x381070        PUBLIC  C:\Users\Public
1272    explorer.exe    0x381070        SESSIONNAME     Console
1272    explorer.exe    0x381070        SystemDrive     C:
1272    explorer.exe    0x381070        SystemRoot      C:\Windows
1272    explorer.exe    0x381070        TEMP    C:\Users\IEUser\AppData\Local\Temp
1272    explorer.exe    0x381070        TMP     C:\Users\IEUser\AppData\Local\Temp
1272    explorer.exe    0x381070        USERDOMAIN      IE8WIN7
1272    explorer.exe    0x381070        USERNAME        IEUser
1272    explorer.exe    0x381070        USERPROFILE     C:\Users\IEUser
1272    explorer.exe    0x381070        windir  C:\Windows
1316    spoolsv.exe     0x281030        ALLUSERSPROFILE C:\ProgramData
1316    spoolsv.exe     0x281030        APPDATA C:\Windows\system32\config\systemprofile\AppData\Roaming
1316    spoolsv.exe     0x281030        CommonProgramFiles      C:\Program Files\Common Files
1316    spoolsv.exe     0x281030        COMPUTERNAME    IE8WIN7
1316    spoolsv.exe     0x281030        ComSpec C:\Windows\system32\cmd.exe
1316    spoolsv.exe     0x281030        CYGWIN  mintty
1316    spoolsv.exe     0x281030        FP_NO_HOST_CHECK        NO
1316    spoolsv.exe     0x281030        LOCALAPPDATA    C:\Windows\system32\config\systemprofile\AppData\Local
1316    spoolsv.exe     0x281030        NUMBER_OF_PROCESSORS    1
1316    spoolsv.exe     0x281030        OS      Windows_NT
1316    spoolsv.exe     0x281030        Path    C:\Windows\system32;C:\Windows;C:\Windows\System32\Wbem;C:\Windows\System32\WindowsPowerShell\v1.0\;C:\Program Files\OpenSSH\bin
1316    spoolsv.exe     0x281030        PATHEXT .COM;.EXE;.BAT;.CMD;.VBS;.VBE;.JS;.JSE;.WSF;.WSH;.MSC
1316    spoolsv.exe     0x281030        PROCESSOR_ARCHITECTURE  x86
1316    spoolsv.exe     0x281030        PROCESSOR_IDENTIFIER    x86 Family 23 Model 96 Stepping 1, AuthenticAMD
1316    spoolsv.exe     0x281030        PROCESSOR_LEVEL 23
1316    spoolsv.exe     0x281030        PROCESSOR_REVISION      6001
1316    spoolsv.exe     0x281030        ProgramData     C:\ProgramData
1316    spoolsv.exe     0x281030        ProgramFiles    C:\Program Files
1316    spoolsv.exe     0x281030        PSModulePath    C:\Windows\system32\WindowsPowerShell\v1.0\Modules\
1316    spoolsv.exe     0x281030        PUBLIC  C:\Users\Public
1316    spoolsv.exe     0x281030        SystemDrive     C:
1316    spoolsv.exe     0x281030        SystemRoot      C:\Windows
1316    spoolsv.exe     0x281030        TEMP    C:\Windows\TEMP
1316    spoolsv.exe     0x281030        TMP     C:\Windows\TEMP
1316    spoolsv.exe     0x281030        USERDOMAIN      WORKGROUP
1316    spoolsv.exe     0x281030        USERNAME        IE8WIN7$
1316    spoolsv.exe     0x281030        USERPROFILE     C:\Windows\system32\config\systemprofile
1316    spoolsv.exe     0x281030        windir  C:\Windows
1376    taskhost.exe    0x141048        ALLUSERSPROFILE C:\ProgramData
1376    taskhost.exe    0x141048        APPDATA C:\Users\IEUser\AppData\Roaming
1376    taskhost.exe    0x141048        CommonProgramFiles      C:\Program Files\Common Files
1376    taskhost.exe    0x141048        COMPUTERNAME    IE8WIN7
1376    taskhost.exe    0x141048        ComSpec C:\Windows\system32\cmd.exe
1376    taskhost.exe    0x141048        CYGWIN  mintty
1376    taskhost.exe    0x141048        FP_NO_HOST_CHECK        NO
1376    taskhost.exe    0x141048        HOMEDRIVE       C:
1376    taskhost.exe    0x141048        HOMEPATH        \Users\IEUser
1376    taskhost.exe    0x141048        LOCALAPPDATA    C:\Users\IEUser\AppData\Local
1376    taskhost.exe    0x141048        LOGONSERVER     \\IE8WIN7
1376    taskhost.exe    0x141048        NUMBER_OF_PROCESSORS    1
1376    taskhost.exe    0x141048        OS      Windows_NT
1376    taskhost.exe    0x141048        Path    C:\Windows\system32;C:\Windows;C:\Windows\System32\Wbem;C:\Windows\System32\WindowsPowerShell\v1.0\;C:\Program Files\OpenSSH\bin
1376    taskhost.exe    0x141048        PATHEXT .COM;.EXE;.BAT;.CMD;.VBS;.VBE;.JS;.JSE;.WSF;.WSH;.MSC
1376    taskhost.exe    0x141048        PROCESSOR_ARCHITECTURE  x86
1376    taskhost.exe    0x141048        PROCESSOR_IDENTIFIER    x86 Family 23 Model 96 Stepping 1, AuthenticAMD
1376    taskhost.exe    0x141048        PROCESSOR_LEVEL 23
1376    taskhost.exe    0x141048        PROCESSOR_REVISION      6001
1376    taskhost.exe    0x141048        ProgramData     C:\ProgramData
1376    taskhost.exe    0x141048        ProgramFiles    C:\Program Files
1376    taskhost.exe    0x141048        PSModulePath    C:\Windows\system32\WindowsPowerShell\v1.0\Modules\
1376    taskhost.exe    0x141048        PUBLIC  C:\Users\Public
1376    taskhost.exe    0x141048        SystemDrive     C:
1376    taskhost.exe    0x141048        SystemRoot      C:\Windows
1376    taskhost.exe    0x141048        TEMP    C:\Users\IEUser\AppData\Local\Temp
1376    taskhost.exe    0x141048        TMP     C:\Users\IEUser\AppData\Local\Temp
1376    taskhost.exe    0x141048        USERDOMAIN      IE8WIN7
1376    taskhost.exe    0x141048        USERNAME        IEUser
1376    taskhost.exe    0x141048        USERPROFILE     C:\Users\IEUser
1376    taskhost.exe    0x141048        windir  C:\Windows
1384    svchost.exe     0x2b10b0        ALLUSERSPROFILE C:\ProgramData
1384    svchost.exe     0x2b10b0        APPDATA C:\Windows\ServiceProfiles\LocalService\AppData\Roaming
1384    svchost.exe     0x2b10b0        CommonProgramFiles      C:\Program Files\Common Files
1384    svchost.exe     0x2b10b0        COMPUTERNAME    IE8WIN7
1384    svchost.exe     0x2b10b0        ComSpec C:\Windows\system32\cmd.exe
1384    svchost.exe     0x2b10b0        CYGWIN  mintty
1384    svchost.exe     0x2b10b0        FP_NO_HOST_CHECK        NO
1384    svchost.exe     0x2b10b0        LOCALAPPDATA    C:\Windows\ServiceProfiles\LocalService\AppData\Local
1384    svchost.exe     0x2b10b0        NUMBER_OF_PROCESSORS    1
1384    svchost.exe     0x2b10b0        OS      Windows_NT
1384    svchost.exe     0x2b10b0        Path    C:\Windows\system32;C:\Windows;C:\Windows\System32\Wbem;C:\Windows\System32\WindowsPowerShell\v1.0\;C:\Program Files\OpenSSH\bin
1384    svchost.exe     0x2b10b0        PATHEXT .COM;.EXE;.BAT;.CMD;.VBS;.VBE;.JS;.JSE;.WSF;.WSH;.MSC
1384    svchost.exe     0x2b10b0        PROCESSOR_ARCHITECTURE  x86
1384    svchost.exe     0x2b10b0        PROCESSOR_IDENTIFIER    x86 Family 23 Model 96 Stepping 1, AuthenticAMD
1384    svchost.exe     0x2b10b0        PROCESSOR_LEVEL 23
1384    svchost.exe     0x2b10b0        PROCESSOR_REVISION      6001
1384    svchost.exe     0x2b10b0        ProgramData     C:\ProgramData
1384    svchost.exe     0x2b10b0        ProgramFiles    C:\Program Files
1384    svchost.exe     0x2b10b0        PSModulePath    C:\Windows\system32\WindowsPowerShell\v1.0\Modules\
1384    svchost.exe     0x2b10b0        PUBLIC  C:\Users\Public
1384    svchost.exe     0x2b10b0        SystemDrive     C:
1384    svchost.exe     0x2b10b0        SystemRoot      C:\Windows
1384    svchost.exe     0x2b10b0        TEMP    C:\Windows\SERVIC~2\LOCALS~1\AppData\Local\Temp
1384    svchost.exe     0x2b10b0        TMP     C:\Windows\SERVIC~2\LOCALS~1\AppData\Local\Temp
1384    svchost.exe     0x2b10b0        USERDOMAIN      NT AUTHORITY
1384    svchost.exe     0x2b10b0        USERNAME        LOCAL SERVICE
1384    svchost.exe     0x2b10b0        USERPROFILE     C:\Windows\ServiceProfiles\LocalService
1384    svchost.exe     0x2b10b0        windir  C:\Windows
1456    VBoxTray.exe    0x501088        ALLUSERSPROFILE C:\ProgramData
1456    VBoxTray.exe    0x501088        APPDATA C:\Users\IEUser\AppData\Roaming
1456    VBoxTray.exe    0x501088        CommonProgramFiles      C:\Program Files\Common Files
1456    VBoxTray.exe    0x501088        COMPUTERNAME    IE8WIN7
1456    VBoxTray.exe    0x501088        ComSpec C:\Windows\system32\cmd.exe
1456    VBoxTray.exe    0x501088        CYGWIN  mintty
1456    VBoxTray.exe    0x501088        FP_NO_HOST_CHECK        NO
1456    VBoxTray.exe    0x501088        HOMEDRIVE       C:
1456    VBoxTray.exe    0x501088        HOMEPATH        \Users\IEUser
1456    VBoxTray.exe    0x501088        LOCALAPPDATA    C:\Users\IEUser\AppData\Local
1456    VBoxTray.exe    0x501088        LOGONSERVER     \\IE8WIN7
1456    VBoxTray.exe    0x501088        NUMBER_OF_PROCESSORS    1
1456    VBoxTray.exe    0x501088        OS      Windows_NT
1456    VBoxTray.exe    0x501088        Path    C:\Windows\system32;C:\Windows;C:\Windows\System32\Wbem;C:\Windows\System32\WindowsPowerShell\v1.0\;C:\Program Files\OpenSSH\bin
1456    VBoxTray.exe    0x501088        PATHEXT .COM;.EXE;.BAT;.CMD;.VBS;.VBE;.JS;.JSE;.WSF;.WSH;.MSC
1456    VBoxTray.exe    0x501088        PROCESSOR_ARCHITECTURE  x86
1456    VBoxTray.exe    0x501088        PROCESSOR_IDENTIFIER    x86 Family 23 Model 96 Stepping 1, AuthenticAMD
1456    VBoxTray.exe    0x501088        PROCESSOR_LEVEL 23
1456    VBoxTray.exe    0x501088        PROCESSOR_REVISION      6001
1456    VBoxTray.exe    0x501088        ProgramData     C:\ProgramData
1456    VBoxTray.exe    0x501088        ProgramFiles    C:\Program Files
1456    VBoxTray.exe    0x501088        PSModulePath    C:\Windows\system32\WindowsPowerShell\v1.0\Modules\
1456    VBoxTray.exe    0x501088        PUBLIC  C:\Users\Public
1456    VBoxTray.exe    0x501088        SESSIONNAME     Console
1456    VBoxTray.exe    0x501088        SystemDrive     C:
1456    VBoxTray.exe    0x501088        SystemRoot      C:\Windows
1456    VBoxTray.exe    0x501088        TEMP    C:\Users\IEUser\AppData\Local\Temp
1456    VBoxTray.exe    0x501088        TMP     C:\Users\IEUser\AppData\Local\Temp
1456    VBoxTray.exe    0x501088        USERDOMAIN      IE8WIN7
1456    VBoxTray.exe    0x501088        USERNAME        IEUser
1456    VBoxTray.exe    0x501088        USERPROFILE     C:\Users\IEUser
1456    VBoxTray.exe    0x501088        windir  C:\Windows
1636    vmicsvc.exe     0x4710b0        ALLUSERSPROFILE C:\ProgramData
1636    vmicsvc.exe     0x4710b0        APPDATA C:\Windows\ServiceProfiles\NetworkService\AppData\Roaming
1636    vmicsvc.exe     0x4710b0        CommonProgramFiles      C:\Program Files\Common Files
1636    vmicsvc.exe     0x4710b0        COMPUTERNAME    IE8WIN7
1636    vmicsvc.exe     0x4710b0        ComSpec C:\Windows\system32\cmd.exe
1636    vmicsvc.exe     0x4710b0        CYGWIN  mintty
1636    vmicsvc.exe     0x4710b0        FP_NO_HOST_CHECK        NO
1636    vmicsvc.exe     0x4710b0        LOCALAPPDATA    C:\Windows\ServiceProfiles\NetworkService\AppData\Local
1636    vmicsvc.exe     0x4710b0        NUMBER_OF_PROCESSORS    1
1636    vmicsvc.exe     0x4710b0        OS      Windows_NT
1636    vmicsvc.exe     0x4710b0        Path    C:\Windows\system32;C:\Windows;C:\Windows\System32\Wbem;C:\Windows\System32\WindowsPowerShell\v1.0\;C:\Program Files\OpenSSH\bin
1636    vmicsvc.exe     0x4710b0        PATHEXT .COM;.EXE;.BAT;.CMD;.VBS;.VBE;.JS;.JSE;.WSF;.WSH;.MSC
1636    vmicsvc.exe     0x4710b0        PROCESSOR_ARCHITECTURE  x86
1636    vmicsvc.exe     0x4710b0        PROCESSOR_IDENTIFIER    x86 Family 23 Model 96 Stepping 1, AuthenticAMD
1636    vmicsvc.exe     0x4710b0        PROCESSOR_LEVEL 23
1636    vmicsvc.exe     0x4710b0        PROCESSOR_REVISION      6001
1636    vmicsvc.exe     0x4710b0        ProgramData     C:\ProgramData
1636    vmicsvc.exe     0x4710b0        ProgramFiles    C:\Program Files
1636    vmicsvc.exe     0x4710b0        PSModulePath    C:\Windows\system32\WindowsPowerShell\v1.0\Modules\
1636    vmicsvc.exe     0x4710b0        PUBLIC  C:\Users\Public
1636    vmicsvc.exe     0x4710b0        SystemDrive     C:
1636    vmicsvc.exe     0x4710b0        SystemRoot      C:\Windows
1636    vmicsvc.exe     0x4710b0        TEMP    C:\Windows\SERVIC~2\NETWOR~1\AppData\Local\Temp
1636    vmicsvc.exe     0x4710b0        TMP     C:\Windows\SERVIC~2\NETWOR~1\AppData\Local\Temp
1636    vmicsvc.exe     0x4710b0        USERDOMAIN      WORKGROUP
1636    vmicsvc.exe     0x4710b0        USERNAME        IE8WIN7$
1636    vmicsvc.exe     0x4710b0        USERPROFILE     C:\Windows\ServiceProfiles\NetworkService
1636    vmicsvc.exe     0x4710b0        windir  C:\Windows
1656    vmicsvc.exe     0x1110b0        ALLUSERSPROFILE C:\ProgramData
1656    vmicsvc.exe     0x1110b0        APPDATA C:\Windows\ServiceProfiles\LocalService\AppData\Roaming
1656    vmicsvc.exe     0x1110b0        CommonProgramFiles      C:\Program Files\Common Files
1656    vmicsvc.exe     0x1110b0        COMPUTERNAME    IE8WIN7
1656    vmicsvc.exe     0x1110b0        ComSpec C:\Windows\system32\cmd.exe
1656    vmicsvc.exe     0x1110b0        CYGWIN  mintty
1656    vmicsvc.exe     0x1110b0        FP_NO_HOST_CHECK        NO
1656    vmicsvc.exe     0x1110b0        LOCALAPPDATA    C:\Windows\ServiceProfiles\LocalService\AppData\Local
1656    vmicsvc.exe     0x1110b0        NUMBER_OF_PROCESSORS    1
1656    vmicsvc.exe     0x1110b0        OS      Windows_NT
1656    vmicsvc.exe     0x1110b0        Path    C:\Windows\system32;C:\Windows;C:\Windows\System32\Wbem;C:\Windows\System32\WindowsPowerShell\v1.0\;C:\Program Files\OpenSSH\bin
1656    vmicsvc.exe     0x1110b0        PATHEXT .COM;.EXE;.BAT;.CMD;.VBS;.VBE;.JS;.JSE;.WSF;.WSH;.MSC
1656    vmicsvc.exe     0x1110b0        PROCESSOR_ARCHITECTURE  x86
1656    vmicsvc.exe     0x1110b0        PROCESSOR_IDENTIFIER    x86 Family 23 Model 96 Stepping 1, AuthenticAMD
1656    vmicsvc.exe     0x1110b0        PROCESSOR_LEVEL 23
1656    vmicsvc.exe     0x1110b0        PROCESSOR_REVISION      6001
1656    vmicsvc.exe     0x1110b0        ProgramData     C:\ProgramData
1656    vmicsvc.exe     0x1110b0        ProgramFiles    C:\Program Files
1656    vmicsvc.exe     0x1110b0        PSModulePath    C:\Windows\system32\WindowsPowerShell\v1.0\Modules\
1656    vmicsvc.exe     0x1110b0        PUBLIC  C:\Users\Public
1656    vmicsvc.exe     0x1110b0        SystemDrive     C:
1656    vmicsvc.exe     0x1110b0        SystemRoot      C:\Windows
1656    vmicsvc.exe     0x1110b0        TEMP    C:\Windows\SERVIC~2\LOCALS~1\AppData\Local\Temp
1656    vmicsvc.exe     0x1110b0        TMP     C:\Windows\SERVIC~2\LOCALS~1\AppData\Local\Temp
1656    vmicsvc.exe     0x1110b0        USERDOMAIN      NT AUTHORITY
1656    vmicsvc.exe     0x1110b0        USERNAME        LOCAL SERVICE
1656    vmicsvc.exe     0x1110b0        USERPROFILE     C:\Windows\ServiceProfiles\LocalService
1656    vmicsvc.exe     0x1110b0        windir  C:\Windows
1684    vmicsvc.exe     0x131030        ALLUSERSPROFILE C:\ProgramData
1684    vmicsvc.exe     0x131030        APPDATA C:\Windows\system32\config\systemprofile\AppData\Roaming
1684    vmicsvc.exe     0x131030        CommonProgramFiles      C:\Program Files\Common Files
1684    vmicsvc.exe     0x131030        COMPUTERNAME    IE8WIN7
1684    vmicsvc.exe     0x131030        ComSpec C:\Windows\system32\cmd.exe
1684    vmicsvc.exe     0x131030        CYGWIN  mintty
1684    vmicsvc.exe     0x131030        FP_NO_HOST_CHECK        NO
1684    vmicsvc.exe     0x131030        LOCALAPPDATA    C:\Windows\system32\config\systemprofile\AppData\Local
1684    vmicsvc.exe     0x131030        NUMBER_OF_PROCESSORS    1
1684    vmicsvc.exe     0x131030        OS      Windows_NT
1684    vmicsvc.exe     0x131030        Path    C:\Windows\system32;C:\Windows;C:\Windows\System32\Wbem;C:\Windows\System32\WindowsPowerShell\v1.0\;C:\Program Files\OpenSSH\bin
1684    vmicsvc.exe     0x131030        PATHEXT .COM;.EXE;.BAT;.CMD;.VBS;.VBE;.JS;.JSE;.WSF;.WSH;.MSC
1684    vmicsvc.exe     0x131030        PROCESSOR_ARCHITECTURE  x86
1684    vmicsvc.exe     0x131030        PROCESSOR_IDENTIFIER    x86 Family 23 Model 96 Stepping 1, AuthenticAMD
1684    vmicsvc.exe     0x131030        PROCESSOR_LEVEL 23
1684    vmicsvc.exe     0x131030        PROCESSOR_REVISION      6001
1684    vmicsvc.exe     0x131030        ProgramData     C:\ProgramData
1684    vmicsvc.exe     0x131030        ProgramFiles    C:\Program Files
1684    vmicsvc.exe     0x131030        PSModulePath    C:\Windows\system32\WindowsPowerShell\v1.0\Modules\
1684    vmicsvc.exe     0x131030        PUBLIC  C:\Users\Public
1684    vmicsvc.exe     0x131030        SystemDrive     C:
1684    vmicsvc.exe     0x131030        SystemRoot      C:\Windows
1684    vmicsvc.exe     0x131030        TEMP    C:\Windows\TEMP
1684    vmicsvc.exe     0x131030        TMP     C:\Windows\TEMP
1684    vmicsvc.exe     0x131030        USERDOMAIN      WORKGROUP
1684    vmicsvc.exe     0x131030        USERNAME        IE8WIN7$
1684    vmicsvc.exe     0x131030        USERPROFILE     C:\Windows\system32\config\systemprofile
1684    vmicsvc.exe     0x131030        windir  C:\Windows
1708    vmicsvc.exe     0x2e10b0        ALLUSERSPROFILE C:\ProgramData
1708    vmicsvc.exe     0x2e10b0        APPDATA C:\Windows\ServiceProfiles\LocalService\AppData\Roaming
1708    vmicsvc.exe     0x2e10b0        CommonProgramFiles      C:\Program Files\Common Files
1708    vmicsvc.exe     0x2e10b0        COMPUTERNAME    IE8WIN7
1708    vmicsvc.exe     0x2e10b0        ComSpec C:\Windows\system32\cmd.exe
1708    vmicsvc.exe     0x2e10b0        CYGWIN  mintty
1708    vmicsvc.exe     0x2e10b0        FP_NO_HOST_CHECK        NO
1708    vmicsvc.exe     0x2e10b0        LOCALAPPDATA    C:\Windows\ServiceProfiles\LocalService\AppData\Local
1708    vmicsvc.exe     0x2e10b0        NUMBER_OF_PROCESSORS    1
1708    vmicsvc.exe     0x2e10b0        OS      Windows_NT
1708    vmicsvc.exe     0x2e10b0        Path    C:\Windows\system32;C:\Windows;C:\Windows\System32\Wbem;C:\Windows\System32\WindowsPowerShell\v1.0\;C:\Program Files\OpenSSH\bin
1708    vmicsvc.exe     0x2e10b0        PATHEXT .COM;.EXE;.BAT;.CMD;.VBS;.VBE;.JS;.JSE;.WSF;.WSH;.MSC
1708    vmicsvc.exe     0x2e10b0        PROCESSOR_ARCHITECTURE  x86
1708    vmicsvc.exe     0x2e10b0        PROCESSOR_IDENTIFIER    x86 Family 23 Model 96 Stepping 1, AuthenticAMD
1708    vmicsvc.exe     0x2e10b0        PROCESSOR_LEVEL 23
1708    vmicsvc.exe     0x2e10b0        PROCESSOR_REVISION      6001
1708    vmicsvc.exe     0x2e10b0        ProgramData     C:\ProgramData
1708    vmicsvc.exe     0x2e10b0        ProgramFiles    C:\Program Files
1708    vmicsvc.exe     0x2e10b0        PSModulePath    C:\Windows\system32\WindowsPowerShell\v1.0\Modules\
1708    vmicsvc.exe     0x2e10b0        PUBLIC  C:\Users\Public
1708    vmicsvc.exe     0x2e10b0        SystemDrive     C:
1708    vmicsvc.exe     0x2e10b0        SystemRoot      C:\Windows
1708    vmicsvc.exe     0x2e10b0        TEMP    C:\Windows\SERVIC~2\LOCALS~1\AppData\Local\Temp
1708    vmicsvc.exe     0x2e10b0        TMP     C:\Windows\SERVIC~2\LOCALS~1\AppData\Local\Temp
1708    vmicsvc.exe     0x2e10b0        USERDOMAIN      NT AUTHORITY
1708    vmicsvc.exe     0x2e10b0        USERNAME        LOCAL SERVICE
1708    vmicsvc.exe     0x2e10b0        USERPROFILE     C:\Windows\ServiceProfiles\LocalService
1708    vmicsvc.exe     0x2e10b0        windir  C:\Windows
1748    vmicsvc.exe     0x311030        ALLUSERSPROFILE C:\ProgramData
1748    vmicsvc.exe     0x311030        APPDATA C:\Windows\system32\config\systemprofile\AppData\Roaming
1748    vmicsvc.exe     0x311030        CommonProgramFiles      C:\Program Files\Common Files
1748    vmicsvc.exe     0x311030        COMPUTERNAME    IE8WIN7
1748    vmicsvc.exe     0x311030        ComSpec C:\Windows\system32\cmd.exe
1748    vmicsvc.exe     0x311030        CYGWIN  mintty
1748    vmicsvc.exe     0x311030        FP_NO_HOST_CHECK        NO
1748    vmicsvc.exe     0x311030        LOCALAPPDATA    C:\Windows\system32\config\systemprofile\AppData\Local
1748    vmicsvc.exe     0x311030        NUMBER_OF_PROCESSORS    1
1748    vmicsvc.exe     0x311030        OS      Windows_NT
1748    vmicsvc.exe     0x311030        Path    C:\Windows\system32;C:\Windows;C:\Windows\System32\Wbem;C:\Windows\System32\WindowsPowerShell\v1.0\;C:\Program Files\OpenSSH\bin
1748    vmicsvc.exe     0x311030        PATHEXT .COM;.EXE;.BAT;.CMD;.VBS;.VBE;.JS;.JSE;.WSF;.WSH;.MSC
1748    vmicsvc.exe     0x311030        PROCESSOR_ARCHITECTURE  x86
1748    vmicsvc.exe     0x311030        PROCESSOR_IDENTIFIER    x86 Family 23 Model 96 Stepping 1, AuthenticAMD
1748    vmicsvc.exe     0x311030        PROCESSOR_LEVEL 23
1748    vmicsvc.exe     0x311030        PROCESSOR_REVISION      6001
1748    vmicsvc.exe     0x311030        ProgramData     C:\ProgramData
1748    vmicsvc.exe     0x311030        ProgramFiles    C:\Program Files
1748    vmicsvc.exe     0x311030        PSModulePath    C:\Windows\system32\WindowsPowerShell\v1.0\Modules\
1748    vmicsvc.exe     0x311030        PUBLIC  C:\Users\Public
1748    vmicsvc.exe     0x311030        SystemDrive     C:
1748    vmicsvc.exe     0x311030        SystemRoot      C:\Windows
1748    vmicsvc.exe     0x311030        TEMP    C:\Windows\TEMP
1748    vmicsvc.exe     0x311030        TMP     C:\Windows\TEMP
1748    vmicsvc.exe     0x311030        USERDOMAIN      WORKGROUP
1748    vmicsvc.exe     0x311030        USERNAME        IE8WIN7$
1748    vmicsvc.exe     0x311030        USERPROFILE     C:\Windows\system32\config\systemprofile
1748    vmicsvc.exe     0x311030        windir  C:\Windows
1784    svchost.exe     0x3d1030        ALLUSERSPROFILE C:\ProgramData
1784    svchost.exe     0x3d1030        APPDATA C:\Windows\system32\config\systemprofile\AppData\Roaming
1784    svchost.exe     0x3d1030        CommonProgramFiles      C:\Program Files\Common Files
1784    svchost.exe     0x3d1030        COMPUTERNAME    IE8WIN7
1784    svchost.exe     0x3d1030        ComSpec C:\Windows\system32\cmd.exe
1784    svchost.exe     0x3d1030        CYGWIN  mintty
1784    svchost.exe     0x3d1030        FP_NO_HOST_CHECK        NO
1784    svchost.exe     0x3d1030        LOCALAPPDATA    C:\Windows\system32\config\systemprofile\AppData\Local
1784    svchost.exe     0x3d1030        NUMBER_OF_PROCESSORS    1
1784    svchost.exe     0x3d1030        OS      Windows_NT
1784    svchost.exe     0x3d1030        Path    C:\Windows\system32;C:\Windows;C:\Windows\System32\Wbem;C:\Windows\System32\WindowsPowerShell\v1.0\;C:\Program Files\OpenSSH\bin
1784    svchost.exe     0x3d1030        PATHEXT .COM;.EXE;.BAT;.CMD;.VBS;.VBE;.JS;.JSE;.WSF;.WSH;.MSC
1784    svchost.exe     0x3d1030        PROCESSOR_ARCHITECTURE  x86
1784    svchost.exe     0x3d1030        PROCESSOR_IDENTIFIER    x86 Family 23 Model 96 Stepping 1, AuthenticAMD
1784    svchost.exe     0x3d1030        PROCESSOR_LEVEL 23
1784    svchost.exe     0x3d1030        PROCESSOR_REVISION      6001
1784    svchost.exe     0x3d1030        ProgramData     C:\ProgramData
1784    svchost.exe     0x3d1030        ProgramFiles    C:\Program Files
1784    svchost.exe     0x3d1030        PSModulePath    C:\Windows\system32\WindowsPowerShell\v1.0\Modules\
1784    svchost.exe     0x3d1030        PUBLIC  C:\Users\Public
1784    svchost.exe     0x3d1030        SystemDrive     C:
1784    svchost.exe     0x3d1030        SystemRoot      C:\Windows
1784    svchost.exe     0x3d1030        TEMP    C:\Windows\TEMP
1784    svchost.exe     0x3d1030        TMP     C:\Windows\TEMP
1784    svchost.exe     0x3d1030        USERDOMAIN      WORKGROUP
1784    svchost.exe     0x3d1030        USERNAME        IE8WIN7$
1784    svchost.exe     0x3d1030        USERPROFILE     C:\Windows\system32\config\systemprofile
1784    svchost.exe     0x3d1030        windir  C:\Windows
1868    cygrunsrv.exe   0x2c1008        ALLUSERSPROFILE C:\ProgramData
1868    cygrunsrv.exe   0x2c1008        APPDATA C:\Users\sshd_server\AppData\Roaming
1868    cygrunsrv.exe   0x2c1008        CommonProgramFiles      C:\Program Files\Common Files
1868    cygrunsrv.exe   0x2c1008        COMPUTERNAME    IE8WIN7
1868    cygrunsrv.exe   0x2c1008        ComSpec C:\Windows\system32\cmd.exe
1868    cygrunsrv.exe   0x2c1008        CYGWIN  mintty
1868    cygrunsrv.exe   0x2c1008        FP_NO_HOST_CHECK        NO
1868    cygrunsrv.exe   0x2c1008        LOCALAPPDATA    C:\Users\sshd_server\AppData\Local
1868    cygrunsrv.exe   0x2c1008        NUMBER_OF_PROCESSORS    1
1868    cygrunsrv.exe   0x2c1008        OS      Windows_NT
1868    cygrunsrv.exe   0x2c1008        Path    C:\Windows\system32;C:\Windows;C:\Windows\System32\Wbem;C:\Windows\System32\WindowsPowerShell\v1.0\;C:\Program Files\OpenSSH\bin
1868    cygrunsrv.exe   0x2c1008        PATHEXT .COM;.EXE;.BAT;.CMD;.VBS;.VBE;.JS;.JSE;.WSF;.WSH;.MSC
1868    cygrunsrv.exe   0x2c1008        PROCESSOR_ARCHITECTURE  x86
1868    cygrunsrv.exe   0x2c1008        PROCESSOR_IDENTIFIER    x86 Family 23 Model 96 Stepping 1, AuthenticAMD
1868    cygrunsrv.exe   0x2c1008        PROCESSOR_LEVEL 23
1868    cygrunsrv.exe   0x2c1008        PROCESSOR_REVISION      6001
1868    cygrunsrv.exe   0x2c1008        ProgramData     C:\ProgramData
1868    cygrunsrv.exe   0x2c1008        ProgramFiles    C:\Program Files
1868    cygrunsrv.exe   0x2c1008        PSModulePath    C:\Windows\system32\WindowsPowerShell\v1.0\Modules\
1868    cygrunsrv.exe   0x2c1008        PUBLIC  C:\Users\Public
1868    cygrunsrv.exe   0x2c1008        SystemDrive     C:
1868    cygrunsrv.exe   0x2c1008        SystemRoot      C:\Windows
1868    cygrunsrv.exe   0x2c1008        TEMP    C:\Users\SSHD_S~1\AppData\Local\Temp
1868    cygrunsrv.exe   0x2c1008        TMP     C:\Users\SSHD_S~1\AppData\Local\Temp
1868    cygrunsrv.exe   0x2c1008        USERDOMAIN      IE8WIN7
1868    cygrunsrv.exe   0x2c1008        USERNAME        sshd_server
1868    cygrunsrv.exe   0x2c1008        USERPROFILE     C:\Users\sshd_server
1868    cygrunsrv.exe   0x2c1008        windir  C:\Windows
1936    wlms.exe        0x2c1030        ALLUSERSPROFILE C:\ProgramData
1936    wlms.exe        0x2c1030        APPDATA C:\Windows\system32\config\systemprofile\AppData\Roaming
1936    wlms.exe        0x2c1030        CommonProgramFiles      C:\Program Files\Common Files
1936    wlms.exe        0x2c1030        COMPUTERNAME    IE8WIN7
1936    wlms.exe        0x2c1030        ComSpec C:\Windows\system32\cmd.exe
1936    wlms.exe        0x2c1030        CYGWIN  mintty
1936    wlms.exe        0x2c1030        FP_NO_HOST_CHECK        NO
1936    wlms.exe        0x2c1030        LOCALAPPDATA    C:\Windows\system32\config\systemprofile\AppData\Local
1936    wlms.exe        0x2c1030        NUMBER_OF_PROCESSORS    1
1936    wlms.exe        0x2c1030        OS      Windows_NT
1936    wlms.exe        0x2c1030        Path    C:\Windows\system32;C:\Windows;C:\Windows\System32\Wbem;C:\Windows\System32\WindowsPowerShell\v1.0\;C:\Program Files\OpenSSH\bin;
1936    wlms.exe        0x2c1030        PATHEXT .COM;.EXE;.BAT;.CMD;.VBS;.VBE;.JS;.JSE;.WSF;.WSH;.MSC
1936    wlms.exe        0x2c1030        PROCESSOR_ARCHITECTURE  x86
1936    wlms.exe        0x2c1030        PROCESSOR_IDENTIFIER    x86 Family 23 Model 96 Stepping 1, AuthenticAMD
1936    wlms.exe        0x2c1030        PROCESSOR_LEVEL 23
1936    wlms.exe        0x2c1030        PROCESSOR_REVISION      6001
1936    wlms.exe        0x2c1030        ProgramData     C:\ProgramData
1936    wlms.exe        0x2c1030        ProgramFiles    C:\Program Files
1936    wlms.exe        0x2c1030        PSModulePath    C:\Windows\system32\WindowsPowerShell\v1.0\Modules\
1936    wlms.exe        0x2c1030        PUBLIC  C:\Users\Public
1936    wlms.exe        0x2c1030        SystemDrive     C:
1936    wlms.exe        0x2c1030        SystemRoot      C:\Windows
1936    wlms.exe        0x2c1030        TEMP    C:\Windows\TEMP
1936    wlms.exe        0x2c1030        TMP     C:\Windows\TEMP
1936    wlms.exe        0x2c1030        USERDOMAIN      WORKGROUP
1936    wlms.exe        0x2c1030        USERNAME        IE8WIN7$
1936    wlms.exe        0x2c1030        USERPROFILE     C:\Windows\system32\config\systemprofile
1936    wlms.exe        0x2c1030        windir  C:\Windows
320     conhost.exe     0x180d18        CommonProgramFiles      C:\Program Files\Common Files
320     conhost.exe     0x180d18        ComSpec C:\Windows\system32\cmd.exe
320     conhost.exe     0x180d18        CYGWIN  mintty
320     conhost.exe     0x180d18        FP_NO_HOST_CHECK        NO
320     conhost.exe     0x180d18        NUMBER_OF_PROCESSORS    1
320     conhost.exe     0x180d18        OS      Windows_NT
320     conhost.exe     0x180d18        Path    C:\Windows\system32;C:\Windows;C:\Windows\System32\Wbem;C:\Windows\System32\WindowsPowerShell\v1.0\;C:\Program Files\OpenSSH\bin
320     conhost.exe     0x180d18        PATHEXT .COM;.EXE;.BAT;.CMD;.VBS;.VBE;.JS;.JSE;.WSF;.WSH;.MSC
320     conhost.exe     0x180d18        PROCESSOR_ARCHITECTURE  x86
320     conhost.exe     0x180d18        PROCESSOR_IDENTIFIER    x86 Family 23 Model 96 Stepping 1, AuthenticAMD
320     conhost.exe     0x180d18        PROCESSOR_LEVEL 23
320     conhost.exe     0x180d18        PROCESSOR_REVISION      6001
320     conhost.exe     0x180d18        ProgramFiles    C:\Program Files
320     conhost.exe     0x180d18        PSModulePath    C:\Windows\system32\WindowsPowerShell\v1.0\Modules\
320     conhost.exe     0x180d18        SystemDrive     C:
320     conhost.exe     0x180d18        SystemRoot      C:\Windows
320     conhost.exe     0x180d18        TEMP    C:\Windows\TEMP
320     conhost.exe     0x180d18        TMP     C:\Windows\TEMP
320     conhost.exe     0x180d18        USERNAME        SYSTEM
320     conhost.exe     0x180d18        windir  C:\Windows
268     sshd.exe        0x6509f8        PATH    C:\Program Files\OpenSSH\bin;C:\Windows\system32;C:\Windows;C:\Windows\System32\Wbem;C:\Windows\System32\WindowsPowerShell\v1.0;C:\Program Files\OpenSSH\bin
268     sshd.exe        0x6509f8        SYSTEMDRIVE     C:
268     sshd.exe        0x6509f8        SYSTEMROOT      C:\Windows
268     sshd.exe        0x6509f8        WINDIR  C:\Windows
1124    sppsvc.exe      0xc10b0 ALLUSERSPROFILE C:\ProgramData
1124    sppsvc.exe      0xc10b0 APPDATA C:\Windows\ServiceProfiles\NetworkService\AppData\Roaming
1124    sppsvc.exe      0xc10b0 CommonProgramFiles      C:\Program Files\Common Files
1124    sppsvc.exe      0xc10b0 COMPUTERNAME    IE8WIN7
1124    sppsvc.exe      0xc10b0 ComSpec C:\Windows\system32\cmd.exe
1124    sppsvc.exe      0xc10b0 CYGWIN  mintty
1124    sppsvc.exe      0xc10b0 FP_NO_HOST_CHECK        NO
1124    sppsvc.exe      0xc10b0 LOCALAPPDATA    C:\Windows\ServiceProfiles\NetworkService\AppData\Local
1124    sppsvc.exe      0xc10b0 NUMBER_OF_PROCESSORS    1
1124    sppsvc.exe      0xc10b0 OS      Windows_NT
1124    sppsvc.exe      0xc10b0 Path    C:\Windows\system32;C:\Windows;C:\Windows\System32\Wbem;C:\Windows\System32\WindowsPowerShell\v1.0\;C:\Program Files\OpenSSH\bin
1124    sppsvc.exe      0xc10b0 PATHEXT .COM;.EXE;.BAT;.CMD;.VBS;.VBE;.JS;.JSE;.WSF;.WSH;.MSC
1124    sppsvc.exe      0xc10b0 PROCESSOR_ARCHITECTURE  x86
1124    sppsvc.exe      0xc10b0 PROCESSOR_IDENTIFIER    x86 Family 23 Model 96 Stepping 1, AuthenticAMD
1124    sppsvc.exe      0xc10b0 PROCESSOR_LEVEL 23
1124    sppsvc.exe      0xc10b0 PROCESSOR_REVISION      6001
1124    sppsvc.exe      0xc10b0 ProgramData     C:\ProgramData
1124    sppsvc.exe      0xc10b0 ProgramFiles    C:\Program Files
1124    sppsvc.exe      0xc10b0 PSModulePath    C:\Windows\system32\WindowsPowerShell\v1.0\Modules\
1124    sppsvc.exe      0xc10b0 PUBLIC  C:\Users\Public
1124    sppsvc.exe      0xc10b0 SystemDrive     C:
1124    sppsvc.exe      0xc10b0 SystemRoot      C:\Windows
1124    sppsvc.exe      0xc10b0 TEMP    C:\Windows\SERVIC~2\NETWOR~1\AppData\Local\Temp
1124    sppsvc.exe      0xc10b0 TMP     C:\Windows\SERVIC~2\NETWOR~1\AppData\Local\Temp
1124    sppsvc.exe      0xc10b0 USERDOMAIN      WORKGROUP
1124    sppsvc.exe      0xc10b0 USERNAME        IE8WIN7$
1124    sppsvc.exe      0xc10b0 USERPROFILE     C:\Windows\ServiceProfiles\NetworkService
1124    sppsvc.exe      0xc10b0 windir  C:\Windows
1920    svchost.exe     0x610b0 ALLUSERSPROFILE C:\ProgramData
1920    svchost.exe     0x610b0 APPDATA C:\Windows\ServiceProfiles\NetworkService\AppData\Roaming
1920    svchost.exe     0x610b0 CommonProgramFiles      C:\Program Files\Common Files
1920    svchost.exe     0x610b0 COMPUTERNAME    IE8WIN7
1920    svchost.exe     0x610b0 ComSpec C:\Windows\system32\cmd.exe
1920    svchost.exe     0x610b0 CYGWIN  mintty
1920    svchost.exe     0x610b0 FP_NO_HOST_CHECK        NO
1920    svchost.exe     0x610b0 LOCALAPPDATA    C:\Windows\ServiceProfiles\NetworkService\AppData\Local
1920    svchost.exe     0x610b0 NUMBER_OF_PROCESSORS    1
1920    svchost.exe     0x610b0 OS      Windows_NT
1920    svchost.exe     0x610b0 Path    C:\Windows\system32;C:\Windows;C:\Windows\System32\Wbem;C:\Windows\System32\WindowsPowerShell\v1.0\;C:\Program Files\OpenSSH\bin
1920    svchost.exe     0x610b0 PATHEXT .COM;.EXE;.BAT;.CMD;.VBS;.VBE;.JS;.JSE;.WSF;.WSH;.MSC
1920    svchost.exe     0x610b0 PROCESSOR_ARCHITECTURE  x86
1920    svchost.exe     0x610b0 PROCESSOR_IDENTIFIER    x86 Family 23 Model 96 Stepping 1, AuthenticAMD
1920    svchost.exe     0x610b0 PROCESSOR_LEVEL 23
1920    svchost.exe     0x610b0 PROCESSOR_REVISION      6001
1920    svchost.exe     0x610b0 ProgramData     C:\ProgramData
1920    svchost.exe     0x610b0 ProgramFiles    C:\Program Files
1920    svchost.exe     0x610b0 PSModulePath    C:\Windows\system32\WindowsPowerShell\v1.0\Modules\
1920    svchost.exe     0x610b0 PUBLIC  C:\Users\Public
1920    svchost.exe     0x610b0 SystemDrive     C:
1920    svchost.exe     0x610b0 SystemRoot      C:\Windows
1920    svchost.exe     0x610b0 TEMP    C:\Windows\SERVIC~2\NETWOR~1\AppData\Local\Temp
1920    svchost.exe     0x610b0 TMP     C:\Windows\SERVIC~2\NETWOR~1\AppData\Local\Temp
1920    svchost.exe     0x610b0 USERDOMAIN      WORKGROUP
1920    svchost.exe     0x610b0 USERNAME        IE8WIN7$
1920    svchost.exe     0x610b0 USERPROFILE     C:\Windows\ServiceProfiles\NetworkService
1920    svchost.exe     0x610b0 windir  C:\Windows
2160    SearchIndexer.  0x381030        ALLUSERSPROFILE C:\ProgramData
2160    SearchIndexer.  0x381030        APPDATA C:\Windows\system32\config\systemprofile\AppData\Roaming
2160    SearchIndexer.  0x381030        CommonProgramFiles      C:\Program Files\Common Files
2160    SearchIndexer.  0x381030        COMPUTERNAME    IE8WIN7
2160    SearchIndexer.  0x381030        ComSpec C:\Windows\system32\cmd.exe
2160    SearchIndexer.  0x381030        CYGWIN  mintty
2160    SearchIndexer.  0x381030        FP_NO_HOST_CHECK        NO
2160    SearchIndexer.  0x381030        LOCALAPPDATA    C:\Windows\system32\config\systemprofile\AppData\Local
2160    SearchIndexer.  0x381030        NUMBER_OF_PROCESSORS    1
2160    SearchIndexer.  0x381030        OS      Windows_NT
2160    SearchIndexer.  0x381030        Path    C:\Windows\system32;C:\Windows;C:\Windows\System32\Wbem;C:\Windows\System32\WindowsPowerShell\v1.0\;C:\Program Files\OpenSSH\bin;C:\Windows\system32
2160    SearchIndexer.  0x381030        PATHEXT .COM;.EXE;.BAT;.CMD;.VBS;.VBE;.JS;.JSE;.WSF;.WSH;.MSC
2160    SearchIndexer.  0x381030        PROCESSOR_ARCHITECTURE  x86
2160    SearchIndexer.  0x381030        PROCESSOR_IDENTIFIER    x86 Family 23 Model 96 Stepping 1, AuthenticAMD
2160    SearchIndexer.  0x381030        PROCESSOR_LEVEL 23
2160    SearchIndexer.  0x381030        PROCESSOR_REVISION      6001
2160    SearchIndexer.  0x381030        ProgramData     C:\ProgramData
2160    SearchIndexer.  0x381030        ProgramFiles    C:\Program Files
2160    SearchIndexer.  0x381030        PSModulePath    C:\Windows\system32\WindowsPowerShell\v1.0\Modules\
2160    SearchIndexer.  0x381030        PUBLIC  C:\Users\Public
2160    SearchIndexer.  0x381030        SystemDrive     C:
2160    SearchIndexer.  0x381030        SystemRoot      C:\Windows
2160    SearchIndexer.  0x381030        TEMP    C:\ProgramData\Microsoft\Search\Data\Temp\usgthrsvc
2160    SearchIndexer.  0x381030        TMP     C:\ProgramData\Microsoft\Search\Data\Temp\usgthrsvc
2160    SearchIndexer.  0x381030        USERDOMAIN      WORKGROUP
2160    SearchIndexer.  0x381030        USERNAME        IE8WIN7$
2160    SearchIndexer.  0x381030        USERPROFILE     C:\Windows\system32\config\systemprofile
2160    SearchIndexer.  0x381030        windir  C:\Windows
2248    SearchProtocol  0x3f1048        ALLUSERSPROFILE C:\ProgramData
2248    SearchProtocol  0x3f1048        APPDATA C:\Users\IEUser\AppData\Roaming
2248    SearchProtocol  0x3f1048        CommonProgramFiles      C:\Program Files\Common Files
2248    SearchProtocol  0x3f1048        COMPUTERNAME    IE8WIN7
2248    SearchProtocol  0x3f1048        ComSpec C:\Windows\system32\cmd.exe
2248    SearchProtocol  0x3f1048        CYGWIN  mintty
2248    SearchProtocol  0x3f1048        FP_NO_HOST_CHECK        NO
2248    SearchProtocol  0x3f1048        HOMEDRIVE       C:
2248    SearchProtocol  0x3f1048        HOMEPATH        \Users\IEUser
2248    SearchProtocol  0x3f1048        LOCALAPPDATA    C:\Users\IEUser\AppData\Local
2248    SearchProtocol  0x3f1048        LOGONSERVER     \\IE8WIN7
2248    SearchProtocol  0x3f1048        NUMBER_OF_PROCESSORS    1
2248    SearchProtocol  0x3f1048        OS      Windows_NT
2248    SearchProtocol  0x3f1048        Path    C:\Windows\system32;C:\Windows;C:\Windows\System32\Wbem;C:\Windows\System32\WindowsPowerShell\v1.0\;C:\Program Files\OpenSSH\bin
2248    SearchProtocol  0x3f1048        PATHEXT .COM;.EXE;.BAT;.CMD;.VBS;.VBE;.JS;.JSE;.WSF;.WSH;.MSC
2248    SearchProtocol  0x3f1048        PROCESSOR_ARCHITECTURE  x86
2248    SearchProtocol  0x3f1048        PROCESSOR_IDENTIFIER    x86 Family 23 Model 96 Stepping 1, AuthenticAMD
2248    SearchProtocol  0x3f1048        PROCESSOR_LEVEL 23
2248    SearchProtocol  0x3f1048        PROCESSOR_REVISION      6001
2248    SearchProtocol  0x3f1048        ProgramData     C:\ProgramData
2248    SearchProtocol  0x3f1048        ProgramFiles    C:\Program Files
2248    SearchProtocol  0x3f1048        PSModulePath    C:\Windows\system32\WindowsPowerShell\v1.0\Modules\
2248    SearchProtocol  0x3f1048        PUBLIC  C:\Users\Public
2248    SearchProtocol  0x3f1048        SystemDrive     C:
2248    SearchProtocol  0x3f1048        SystemRoot      C:\Windows
2248    SearchProtocol  0x3f1048        TEMP    C:\Users\IEUser\AppData\Local\Temp
2248    SearchProtocol  0x3f1048        TMP     C:\Users\IEUser\AppData\Local\Temp
2248    SearchProtocol  0x3f1048        USERDOMAIN      IE8WIN7
2248    SearchProtocol  0x3f1048        USERNAME        IEUser
2248    SearchProtocol  0x3f1048        USERPROFILE     C:\Users\IEUser
2248    SearchProtocol  0x3f1048        windir  C:\Windows
2268    SearchFilterHo  0x2310e0        ALLUSERSPROFILE C:\ProgramData
2268    SearchFilterHo  0x2310e0        APPDATA C:\Windows\system32\config\systemprofile\AppData\Roaming
2268    SearchFilterHo  0x2310e0        CommonProgramFiles      C:\Program Files\Common Files
2268    SearchFilterHo  0x2310e0        COMPUTERNAME    IE8WIN7
2268    SearchFilterHo  0x2310e0        ComSpec C:\Windows\system32\cmd.exe
2268    SearchFilterHo  0x2310e0        CYGWIN  mintty
2268    SearchFilterHo  0x2310e0        FP_NO_HOST_CHECK        NO
2268    SearchFilterHo  0x2310e0        LOCALAPPDATA    C:\Windows\system32\config\systemprofile\AppData\Local
2268    SearchFilterHo  0x2310e0        NUMBER_OF_PROCESSORS    1
2268    SearchFilterHo  0x2310e0        OS      Windows_NT
2268    SearchFilterHo  0x2310e0        Path    C:\Windows\system32;C:\Windows;C:\Windows\System32\Wbem;C:\Windows\System32\WindowsPowerShell\v1.0\;C:\Program Files\OpenSSH\bin;C:\Windows\system32
2268    SearchFilterHo  0x2310e0        PATHEXT .COM;.EXE;.BAT;.CMD;.VBS;.VBE;.JS;.JSE;.WSF;.WSH;.MSC
2268    SearchFilterHo  0x2310e0        PROCESSOR_ARCHITECTURE  x86
2268    SearchFilterHo  0x2310e0        PROCESSOR_IDENTIFIER    x86 Family 23 Model 96 Stepping 1, AuthenticAMD
2268    SearchFilterHo  0x2310e0        PROCESSOR_LEVEL 23
2268    SearchFilterHo  0x2310e0        PROCESSOR_REVISION      6001
2268    SearchFilterHo  0x2310e0        ProgramData     C:\ProgramData
2268    SearchFilterHo  0x2310e0        ProgramFiles    C:\Program Files
2268    SearchFilterHo  0x2310e0        PSModulePath    C:\Windows\system32\WindowsPowerShell\v1.0\Modules\
2268    SearchFilterHo  0x2310e0        PUBLIC  C:\Users\Public
2268    SearchFilterHo  0x2310e0        SystemDrive     C:
2268    SearchFilterHo  0x2310e0        SystemRoot      C:\Windows
2268    SearchFilterHo  0x2310e0        TEMP    C:\ProgramData\Microsoft\Search\Data\Temp\usgthrsvc
2268    SearchFilterHo  0x2310e0        TMP     C:\ProgramData\Microsoft\Search\Data\Temp\usgthrsvc
2268    SearchFilterHo  0x2310e0        USERDOMAIN      WORKGROUP
2268    SearchFilterHo  0x2310e0        USERNAME        IE8WIN7$
2268    SearchFilterHo  0x2310e0        USERPROFILE     C:\Windows\system32\config\systemprofile
2268    SearchFilterHo  0x2310e0        windir  C:\Windows
2304    SearchProtocol  0x4910e0        ALLUSERSPROFILE C:\ProgramData
2304    SearchProtocol  0x4910e0        APPDATA C:\Windows\system32\config\systemprofile\AppData\Roaming
2304    SearchProtocol  0x4910e0        CommonProgramFiles      C:\Program Files\Common Files
2304    SearchProtocol  0x4910e0        COMPUTERNAME    IE8WIN7
2304    SearchProtocol  0x4910e0        ComSpec C:\Windows\system32\cmd.exe
2304    SearchProtocol  0x4910e0        CYGWIN  mintty
2304    SearchProtocol  0x4910e0        FP_NO_HOST_CHECK        NO
2304    SearchProtocol  0x4910e0        LOCALAPPDATA    C:\Windows\system32\config\systemprofile\AppData\Local
2304    SearchProtocol  0x4910e0        NUMBER_OF_PROCESSORS    1
2304    SearchProtocol  0x4910e0        OS      Windows_NT
2304    SearchProtocol  0x4910e0        Path    C:\Windows\system32;C:\Windows;C:\Windows\System32\Wbem;C:\Windows\System32\WindowsPowerShell\v1.0\;C:\Program Files\OpenSSH\bin;C:\Windows\system32
2304    SearchProtocol  0x4910e0        PATHEXT .COM;.EXE;.BAT;.CMD;.VBS;.VBE;.JS;.JSE;.WSF;.WSH;.MSC
2304    SearchProtocol  0x4910e0        PROCESSOR_ARCHITECTURE  x86
2304    SearchProtocol  0x4910e0        PROCESSOR_IDENTIFIER    x86 Family 23 Model 96 Stepping 1, AuthenticAMD
2304    SearchProtocol  0x4910e0        PROCESSOR_LEVEL 23
2304    SearchProtocol  0x4910e0        PROCESSOR_REVISION      6001
2304    SearchProtocol  0x4910e0        ProgramData     C:\ProgramData
2304    SearchProtocol  0x4910e0        ProgramFiles    C:\Program Files
2304    SearchProtocol  0x4910e0        PSModulePath    C:\Windows\system32\WindowsPowerShell\v1.0\Modules\
2304    SearchProtocol  0x4910e0        PUBLIC  C:\Users\Public
2304    SearchProtocol  0x4910e0        SystemDrive     C:
2304    SearchProtocol  0x4910e0        SystemRoot      C:\Windows
2304    SearchProtocol  0x4910e0        TEMP    C:\ProgramData\Microsoft\Search\Data\Temp\usgthrsvc
2304    SearchProtocol  0x4910e0        TMP     C:\ProgramData\Microsoft\Search\Data\Temp\usgthrsvc
2304    SearchProtocol  0x4910e0        USERDOMAIN      WORKGROUP
2304    SearchProtocol  0x4910e0        USERNAME        IE8WIN7$
2304    SearchProtocol  0x4910e0        USERPROFILE     C:\Windows\system32\config\systemprofile
2304    SearchProtocol  0x4910e0        windir  C:\Windows
2388    csrss.exe       0x2c0d18        ComSpec C:\Windows\system32\cmd.exe
2388    csrss.exe       0x2c0d18        CYGWIN  mintty
2388    csrss.exe       0x2c0d18        FP_NO_HOST_CHECK        NO
2388    csrss.exe       0x2c0d18        NUMBER_OF_PROCESSORS    1
2388    csrss.exe       0x2c0d18        OS      Windows_NT
2388    csrss.exe       0x2c0d18        Path    C:\Windows\system32;C:\Windows;C:\Windows\System32\Wbem;C:\Windows\System32\WindowsPowerShell\v1.0\;C:\Program Files\OpenSSH\bin
2388    csrss.exe       0x2c0d18        PATHEXT .COM;.EXE;.BAT;.CMD;.VBS;.VBE;.JS;.JSE;.WSF;.WSH;.MSC
2388    csrss.exe       0x2c0d18        PROCESSOR_ARCHITECTURE  x86
2388    csrss.exe       0x2c0d18        PROCESSOR_IDENTIFIER    x86 Family 23 Model 96 Stepping 1, AuthenticAMD
2388    csrss.exe       0x2c0d18        PROCESSOR_LEVEL 23
2388    csrss.exe       0x2c0d18        PROCESSOR_REVISION      6001
2388    csrss.exe       0x2c0d18        PSModulePath    C:\Windows\system32\WindowsPowerShell\v1.0\Modules\
2388    csrss.exe       0x2c0d18        SystemDrive     C:
2388    csrss.exe       0x2c0d18        SystemRoot      C:\Windows
2388    csrss.exe       0x2c0d18        TEMP    C:\Windows\TEMP
2388    csrss.exe       0x2c0d18        TMP     C:\Windows\TEMP
2388    csrss.exe       0x2c0d18        USERNAME        SYSTEM
2388    csrss.exe       0x2c0d18        windir  C:\Windows
2416    winlogon.exe    0x2e0d18        ALLUSERSPROFILE C:\ProgramData
2416    winlogon.exe    0x2e0d18        CommonProgramFiles      C:\Program Files\Common Files
2416    winlogon.exe    0x2e0d18        COMPUTERNAME    IE8WIN7
2416    winlogon.exe    0x2e0d18        ComSpec C:\Windows\system32\cmd.exe
2416    winlogon.exe    0x2e0d18        CYGWIN  mintty
2416    winlogon.exe    0x2e0d18        FP_NO_HOST_CHECK        NO
2416    winlogon.exe    0x2e0d18        NUMBER_OF_PROCESSORS    1
2416    winlogon.exe    0x2e0d18        OS      Windows_NT
2416    winlogon.exe    0x2e0d18        Path    C:\Windows\system32;C:\Windows;C:\Windows\System32\Wbem;C:\Windows\System32\WindowsPowerShell\v1.0\;C:\Program Files\OpenSSH\bin
2416    winlogon.exe    0x2e0d18        PATHEXT .COM;.EXE;.BAT;.CMD;.VBS;.VBE;.JS;.JSE;.WSF;.WSH;.MSC
2416    winlogon.exe    0x2e0d18        PROCESSOR_ARCHITECTURE  x86
2416    winlogon.exe    0x2e0d18        PROCESSOR_IDENTIFIER    x86 Family 23 Model 96 Stepping 1, AuthenticAMD
2416    winlogon.exe    0x2e0d18        PROCESSOR_LEVEL 23
2416    winlogon.exe    0x2e0d18        PROCESSOR_REVISION      6001
2416    winlogon.exe    0x2e0d18        ProgramData     C:\ProgramData
2416    winlogon.exe    0x2e0d18        ProgramFiles    C:\Program Files
2416    winlogon.exe    0x2e0d18        PSModulePath    C:\Windows\system32\WindowsPowerShell\v1.0\Modules\
2416    winlogon.exe    0x2e0d18        PUBLIC  C:\Users\Public
2416    winlogon.exe    0x2e0d18        SystemDrive     C:
2416    winlogon.exe    0x2e0d18        SystemRoot      C:\Windows
2416    winlogon.exe    0x2e0d18        TEMP    C:\Windows\TEMP
2416    winlogon.exe    0x2e0d18        TMP     C:\Windows\TEMP
2416    winlogon.exe    0x2e0d18        USERNAME        SYSTEM
2416    winlogon.exe    0x2e0d18        USERPROFILE     C:\Windows\system32\config\systemprofile
2416    winlogon.exe    0x2e0d18        windir  C:\Windows
2612    taskhost.exe    0x191038        ALLUSERSPROFILE C:\ProgramData
2612    taskhost.exe    0x191038        APPDATA C:\Users\Santa\AppData\Roaming
2612    taskhost.exe    0x191038        CommonProgramFiles      C:\Program Files\Common Files
2612    taskhost.exe    0x191038        COMPUTERNAME    IE8WIN7
2612    taskhost.exe    0x191038        ComSpec C:\Windows\system32\cmd.exe
2612    taskhost.exe    0x191038        CYGWIN  mintty
2612    taskhost.exe    0x191038        FP_NO_HOST_CHECK        NO
2612    taskhost.exe    0x191038        HOMEDRIVE       C:
2612    taskhost.exe    0x191038        HOMEPATH        \Users\Santa
2612    taskhost.exe    0x191038        LOCALAPPDATA    C:\Users\Santa\AppData\Local
2612    taskhost.exe    0x191038        LOGONSERVER     \\IE8WIN7
2612    taskhost.exe    0x191038        NUMBER_OF_PROCESSORS    1
2612    taskhost.exe    0x191038        OS      Windows_NT
2612    taskhost.exe    0x191038        Path    C:\Windows\system32;C:\Windows;C:\Windows\System32\Wbem;C:\Windows\System32\WindowsPowerShell\v1.0\;C:\Program Files\OpenSSH\bin
2612    taskhost.exe    0x191038        PATHEXT .COM;.EXE;.BAT;.CMD;.VBS;.VBE;.JS;.JSE;.WSF;.WSH;.MSC
2612    taskhost.exe    0x191038        PROCESSOR_ARCHITECTURE  x86
2612    taskhost.exe    0x191038        PROCESSOR_IDENTIFIER    x86 Family 23 Model 96 Stepping 1, AuthenticAMD
2612    taskhost.exe    0x191038        PROCESSOR_LEVEL 23
2612    taskhost.exe    0x191038        PROCESSOR_REVISION      6001
2612    taskhost.exe    0x191038        ProgramData     C:\ProgramData
2612    taskhost.exe    0x191038        ProgramFiles    C:\Program Files
2612    taskhost.exe    0x191038        PSModulePath    C:\Windows\system32\WindowsPowerShell\v1.0\Modules\
2612    taskhost.exe    0x191038        PUBLIC  C:\Users\Public
2612    taskhost.exe    0x191038        SystemDrive     C:
2612    taskhost.exe    0x191038        SystemRoot      C:\Windows
2612    taskhost.exe    0x191038        TEMP    C:\Users\Santa\AppData\Local\Temp
2612    taskhost.exe    0x191038        TMP     C:\Users\Santa\AppData\Local\Temp
2612    taskhost.exe    0x191038        USERDOMAIN      IE8WIN7
2612    taskhost.exe    0x191038        USERNAME        Santa
2612    taskhost.exe    0x191038        USERPROFILE     C:\Users\Santa
2612    taskhost.exe    0x191038        windir  C:\Windows
2656    userinit.exe    0x541098        ALLUSERSPROFILE C:\ProgramData
2656    userinit.exe    0x541098        APPDATA C:\Users\Santa\AppData\Roaming
2656    userinit.exe    0x541098        CommonProgramFiles      C:\Program Files\Common Files
2656    userinit.exe    0x541098        COMPUTERNAME    IE8WIN7
2656    userinit.exe    0x541098        ComSpec C:\Windows\system32\cmd.exe
2656    userinit.exe    0x541098        CYGWIN  mintty
2656    userinit.exe    0x541098        FP_NO_HOST_CHECK        NO
2656    userinit.exe    0x541098        HOMEDRIVE       C:
2656    userinit.exe    0x541098        HOMEPATH        \Users\Santa
2656    userinit.exe    0x541098        LOCALAPPDATA    C:\Users\Santa\AppData\Local
2656    userinit.exe    0x541098        LOGONSERVER     \\IE8WIN7
2656    userinit.exe    0x541098        NUMBER_OF_PROCESSORS    1
2656    userinit.exe    0x541098        OS      Windows_NT
2656    userinit.exe    0x541098        Path    C:\Windows\system32;C:\Windows;C:\Windows\System32\Wbem;C:\Windows\System32\WindowsPowerShell\v1.0\;C:\Program Files\OpenSSH\bin
2656    userinit.exe    0x541098        PATHEXT .COM;.EXE;.BAT;.CMD;.VBS;.VBE;.JS;.JSE;.WSF;.WSH;.MSC
2656    userinit.exe    0x541098        PROCESSOR_ARCHITECTURE  x86
2656    userinit.exe    0x541098        PROCESSOR_IDENTIFIER    x86 Family 23 Model 96 Stepping 1, AuthenticAMD
2656    userinit.exe    0x541098        PROCESSOR_LEVEL 23
2656    userinit.exe    0x541098        PROCESSOR_REVISION      6001
2656    userinit.exe    0x541098        ProgramData     C:\ProgramData
2656    userinit.exe    0x541098        ProgramFiles    C:\Program Files
2656    userinit.exe    0x541098        PSModulePath    C:\Windows\system32\WindowsPowerShell\v1.0\Modules\
2656    userinit.exe    0x541098        PUBLIC  C:\Users\Public
2656    userinit.exe    0x541098        SEE_MASK_NOZONECHECKS   1
2656    userinit.exe    0x541098        SESSIONNAME     Console
2656    userinit.exe    0x541098        SystemDrive     C:
2656    userinit.exe    0x541098        SystemRoot      C:\Windows
2656    userinit.exe    0x541098        TEMP    C:\Users\Santa\AppData\Local\Temp
2656    userinit.exe    0x541098        TMP     C:\Users\Santa\AppData\Local\Temp
2656    userinit.exe    0x541098        USERDOMAIN      IE8WIN7
2656    userinit.exe    0x541098        USERNAME        Santa
2656    userinit.exe    0x541098        USERPROFILE     C:\Users\Santa
2656    userinit.exe    0x541098        windir  C:\Windows
2664    dwm.exe 0x151038        ALLUSERSPROFILE C:\ProgramData
2664    dwm.exe 0x151038        APPDATA C:\Users\Santa\AppData\Roaming
2664    dwm.exe 0x151038        CommonProgramFiles      C:\Program Files\Common Files
2664    dwm.exe 0x151038        COMPUTERNAME    IE8WIN7
2664    dwm.exe 0x151038        ComSpec C:\Windows\system32\cmd.exe
2664    dwm.exe 0x151038        CYGWIN  mintty
2664    dwm.exe 0x151038        FP_NO_HOST_CHECK        NO
2664    dwm.exe 0x151038        HOMEDRIVE       C:
2664    dwm.exe 0x151038        HOMEPATH        \Users\Santa
2664    dwm.exe 0x151038        LOCALAPPDATA    C:\Users\Santa\AppData\Local
2664    dwm.exe 0x151038        LOGONSERVER     \\IE8WIN7
2664    dwm.exe 0x151038        NUMBER_OF_PROCESSORS    1
2664    dwm.exe 0x151038        OS      Windows_NT
2664    dwm.exe 0x151038        Path    C:\Windows\system32;C:\Windows;C:\Windows\System32\Wbem;C:\Windows\System32\WindowsPowerShell\v1.0\;C:\Program Files\OpenSSH\bin
2664    dwm.exe 0x151038        PATHEXT .COM;.EXE;.BAT;.CMD;.VBS;.VBE;.JS;.JSE;.WSF;.WSH;.MSC
2664    dwm.exe 0x151038        PROCESSOR_ARCHITECTURE  x86
2664    dwm.exe 0x151038        PROCESSOR_IDENTIFIER    x86 Family 23 Model 96 Stepping 1, AuthenticAMD
2664    dwm.exe 0x151038        PROCESSOR_LEVEL 23
2664    dwm.exe 0x151038        PROCESSOR_REVISION      6001
2664    dwm.exe 0x151038        ProgramData     C:\ProgramData
2664    dwm.exe 0x151038        ProgramFiles    C:\Program Files
2664    dwm.exe 0x151038        PSModulePath    C:\Windows\system32\WindowsPowerShell\v1.0\Modules\
2664    dwm.exe 0x151038        PUBLIC  C:\Users\Public
2664    dwm.exe 0x151038        SystemDrive     C:
2664    dwm.exe 0x151038        SystemRoot      C:\Windows
2664    dwm.exe 0x151038        TEMP    C:\Users\Santa\AppData\Local\Temp
2664    dwm.exe 0x151038        TMP     C:\Users\Santa\AppData\Local\Temp
2664    dwm.exe 0x151038        USERDOMAIN      IE8WIN7
2664    dwm.exe 0x151038        USERNAME        Santa
2664    dwm.exe 0x151038        USERPROFILE     C:\Users\Santa
2664    dwm.exe 0x151038        windir  C:\Windows
2676    explorer.exe    0x251060        ALLUSERSPROFILE C:\ProgramData
2676    explorer.exe    0x251060        APPDATA C:\Users\Santa\AppData\Roaming
2676    explorer.exe    0x251060        CommonProgramFiles      C:\Program Files\Common Files
2676    explorer.exe    0x251060        COMPUTERNAME    IE8WIN7
2676    explorer.exe    0x251060        ComSpec C:\Windows\system32\cmd.exe
2676    explorer.exe    0x251060        CYGWIN  mintty
2676    explorer.exe    0x251060        FP_NO_HOST_CHECK        NO
2676    explorer.exe    0x251060        HOMEDRIVE       C:
2676    explorer.exe    0x251060        HOMEPATH        \Users\Santa
2676    explorer.exe    0x251060        LOCALAPPDATA    C:\Users\Santa\AppData\Local
2676    explorer.exe    0x251060        LOGONSERVER     \\IE8WIN7
2676    explorer.exe    0x251060        NUMBER_OF_PROCESSORS    1
2676    explorer.exe    0x251060        OS      Windows_NT
2676    explorer.exe    0x251060        Path    C:\Windows\system32;C:\Windows;C:\Windows\System32\Wbem;C:\Windows\System32\WindowsPowerShell\v1.0\;C:\Program Files\OpenSSH\bin
2676    explorer.exe    0x251060        PATHEXT .COM;.EXE;.BAT;.CMD;.VBS;.VBE;.JS;.JSE;.WSF;.WSH;.MSC
2676    explorer.exe    0x251060        PROCESSOR_ARCHITECTURE  x86
2676    explorer.exe    0x251060        PROCESSOR_IDENTIFIER    x86 Family 23 Model 96 Stepping 1, AuthenticAMD
2676    explorer.exe    0x251060        PROCESSOR_LEVEL 23
2676    explorer.exe    0x251060        PROCESSOR_REVISION      6001
2676    explorer.exe    0x251060        ProgramData     C:\ProgramData
2676    explorer.exe    0x251060        ProgramFiles    C:\Program Files
2676    explorer.exe    0x251060        PSModulePath    C:\Windows\system32\WindowsPowerShell\v1.0\Modules\
2676    explorer.exe    0x251060        PUBLIC  C:\Users\Public
2676    explorer.exe    0x251060        SESSIONNAME     Console
2676    explorer.exe    0x251060        SystemDrive     C:
2676    explorer.exe    0x251060        SystemRoot      C:\Windows
2676    explorer.exe    0x251060        TEMP    C:\Users\Santa\AppData\Local\Temp
2676    explorer.exe    0x251060        TMP     C:\Users\Santa\AppData\Local\Temp
2676    explorer.exe    0x251060        USERDOMAIN      IE8WIN7
2676    explorer.exe    0x251060        USERNAME        Santa
2676    explorer.exe    0x251060        USERPROFILE     C:\Users\Santa
2676    explorer.exe    0x251060        windir  C:\Windows
2796    VBoxTray.exe    0x401078        ALLUSERSPROFILE C:\ProgramData
2796    VBoxTray.exe    0x401078        APPDATA C:\Users\Santa\AppData\Roaming
2796    VBoxTray.exe    0x401078        CommonProgramFiles      C:\Program Files\Common Files
2796    VBoxTray.exe    0x401078        COMPUTERNAME    IE8WIN7
2796    VBoxTray.exe    0x401078        ComSpec C:\Windows\system32\cmd.exe
2796    VBoxTray.exe    0x401078        CYGWIN  mintty
2796    VBoxTray.exe    0x401078        FP_NO_HOST_CHECK        NO
2796    VBoxTray.exe    0x401078        HOMEDRIVE       C:
2796    VBoxTray.exe    0x401078        HOMEPATH        \Users\Santa
2796    VBoxTray.exe    0x401078        LOCALAPPDATA    C:\Users\Santa\AppData\Local
2796    VBoxTray.exe    0x401078        LOGONSERVER     \\IE8WIN7
2796    VBoxTray.exe    0x401078        NUMBER_OF_PROCESSORS    1
2796    VBoxTray.exe    0x401078        OS      Windows_NT
2796    VBoxTray.exe    0x401078        Path    C:\Windows\system32;C:\Windows;C:\Windows\System32\Wbem;C:\Windows\System32\WindowsPowerShell\v1.0\;C:\Program Files\OpenSSH\bin
2796    VBoxTray.exe    0x401078        PATHEXT .COM;.EXE;.BAT;.CMD;.VBS;.VBE;.JS;.JSE;.WSF;.WSH;.MSC
2796    VBoxTray.exe    0x401078        PROCESSOR_ARCHITECTURE  x86
2796    VBoxTray.exe    0x401078        PROCESSOR_IDENTIFIER    x86 Family 23 Model 96 Stepping 1, AuthenticAMD
2796    VBoxTray.exe    0x401078        PROCESSOR_LEVEL 23
2796    VBoxTray.exe    0x401078        PROCESSOR_REVISION      6001
2796    VBoxTray.exe    0x401078        ProgramData     C:\ProgramData
2796    VBoxTray.exe    0x401078        ProgramFiles    C:\Program Files
2796    VBoxTray.exe    0x401078        PSModulePath    C:\Windows\system32\WindowsPowerShell\v1.0\Modules\
2796    VBoxTray.exe    0x401078        PUBLIC  C:\Users\Public
2796    VBoxTray.exe    0x401078        SESSIONNAME     Console
2796    VBoxTray.exe    0x401078        SystemDrive     C:
2796    VBoxTray.exe    0x401078        SystemRoot      C:\Windows
2796    VBoxTray.exe    0x401078        TEMP    C:\Users\Santa\AppData\Local\Temp
2796    VBoxTray.exe    0x401078        TMP     C:\Users\Santa\AppData\Local\Temp
2796    VBoxTray.exe    0x401078        USERDOMAIN      IE8WIN7
2796    VBoxTray.exe    0x401078        USERNAME        Santa
2796    VBoxTray.exe    0x401078        USERPROFILE     C:\Users\Santa
2796    VBoxTray.exe    0x401078        windir  C:\Windows
3340    DumpIt.exe      0x271038        ALLUSERSPROFILE C:\ProgramData
3340    DumpIt.exe      0x271038        APPDATA C:\Users\Santa\AppData\Roaming
3340    DumpIt.exe      0x271038        CommonProgramFiles      C:\Program Files\Common Files
3340    DumpIt.exe      0x271038        COMPUTERNAME    IE8WIN7
3340    DumpIt.exe      0x271038        ComSpec C:\Windows\system32\cmd.exe
3340    DumpIt.exe      0x271038        CYGWIN  mintty
3340    DumpIt.exe      0x271038        FP_NO_HOST_CHECK        NO
3340    DumpIt.exe      0x271038        HOMEDRIVE       C:
3340    DumpIt.exe      0x271038        HOMEPATH        \Users\Santa
3340    DumpIt.exe      0x271038        LOCALAPPDATA    C:\Users\Santa\AppData\Local
3340    DumpIt.exe      0x271038        LOGONSERVER     \\IE8WIN7
3340    DumpIt.exe      0x271038        NUMBER_OF_PROCESSORS    1
3340    DumpIt.exe      0x271038        OS      Windows_NT
3340    DumpIt.exe      0x271038        Path    C:\Windows\system32;C:\Windows;C:\Windows\System32\Wbem;C:\Windows\System32\WindowsPowerShell\v1.0\;C:\Program Files\OpenSSH\bin
3340    DumpIt.exe      0x271038        PATHEXT .COM;.EXE;.BAT;.CMD;.VBS;.VBE;.JS;.JSE;.WSF;.WSH;.MSC
3340    DumpIt.exe      0x271038        PROCESSOR_ARCHITECTURE  x86
3340    DumpIt.exe      0x271038        PROCESSOR_IDENTIFIER    x86 Family 23 Model 96 Stepping 1, AuthenticAMD
3340    DumpIt.exe      0x271038        PROCESSOR_LEVEL 23
3340    DumpIt.exe      0x271038        PROCESSOR_REVISION      6001
3340    DumpIt.exe      0x271038        ProgramData     C:\ProgramData
3340    DumpIt.exe      0x271038        ProgramFiles    C:\Program Files
3340    DumpIt.exe      0x271038        PSModulePath    C:\Windows\system32\WindowsPowerShell\v1.0\Modules\
3340    DumpIt.exe      0x271038        PUBLIC  C:\Users\Public
3340    DumpIt.exe      0x271038        SystemDrive     C:
3340    DumpIt.exe      0x271038        SystemRoot      C:\Windows
3340    DumpIt.exe      0x271038        TEMP    C:\Users\Santa\AppData\Local\Temp
3340    DumpIt.exe      0x271038        TMP     C:\Users\Santa\AppData\Local\Temp
3340    DumpIt.exe      0x271038        USERDOMAIN      IE8WIN7
3340    DumpIt.exe      0x271038        USERNAME        Santa
3340    DumpIt.exe      0x271038        USERPROFILE     C:\Users\Santa
3340    DumpIt.exe      0x271038        windir  C:\Windows
3352    conhost.exe     0x270d18        CommonProgramFiles      C:\Program Files\Common Files
3352    conhost.exe     0x270d18        ComSpec C:\Windows\system32\cmd.exe
3352    conhost.exe     0x270d18        CYGWIN  mintty
3352    conhost.exe     0x270d18        FP_NO_HOST_CHECK        NO
3352    conhost.exe     0x270d18        NUMBER_OF_PROCESSORS    1
3352    conhost.exe     0x270d18        OS      Windows_NT
3352    conhost.exe     0x270d18        Path    C:\Windows\system32;C:\Windows;C:\Windows\System32\Wbem;C:\Windows\System32\WindowsPowerShell\v1.0\;C:\Program Files\OpenSSH\bin
3352    conhost.exe     0x270d18        PATHEXT .COM;.EXE;.BAT;.CMD;.VBS;.VBE;.JS;.JSE;.WSF;.WSH;.MSC
3352    conhost.exe     0x270d18        PROCESSOR_ARCHITECTURE  x86
3352    conhost.exe     0x270d18        PROCESSOR_IDENTIFIER    x86 Family 23 Model 96 Stepping 1, AuthenticAMD
3352    conhost.exe     0x270d18        PROCESSOR_LEVEL 23
3352    conhost.exe     0x270d18        PROCESSOR_REVISION      6001
3352    conhost.exe     0x270d18        ProgramFiles    C:\Program Files
3352    conhost.exe     0x270d18        PSModulePath    C:\Windows\system32\WindowsPowerShell\v1.0\Modules\
3352    conhost.exe     0x270d18        SystemDrive     C:
3352    conhost.exe     0x270d18        SystemRoot      C:\Windows
3352    conhost.exe     0x270d18        TEMP    C:\Windows\TEMP
3352    conhost.exe     0x270d18        TMP     C:\Windows\TEMP
3352    conhost.exe     0x270d18        USERNAME        SYSTEM
3352    conhost.exe     0x270d18        windir  C:\Windows
3412    dllhost.exe     0x1e1070        ALLUSERSPROFILE C:\ProgramData
3412    dllhost.exe     0x1e1070        APPDATA C:\Users\Santa\AppData\Roaming
3412    dllhost.exe     0x1e1070        CommonProgramFiles      C:\Program Files\Common Files
3412    dllhost.exe     0x1e1070        COMPUTERNAME    IE8WIN7
3412    dllhost.exe     0x1e1070        ComSpec C:\Windows\system32\cmd.exe
3412    dllhost.exe     0x1e1070        CYGWIN  mintty
3412    dllhost.exe     0x1e1070        FP_NO_HOST_CHECK        NO
3412    dllhost.exe     0x1e1070        HOMEDRIVE       C:
3412    dllhost.exe     0x1e1070        HOMEPATH        \Users\Santa
3412    dllhost.exe     0x1e1070        LOCALAPPDATA    C:\Users\Santa\AppData\Local
3412    dllhost.exe     0x1e1070        LOGONSERVER     \\IE8WIN7
3412    dllhost.exe     0x1e1070        NUMBER_OF_PROCESSORS    1
3412    dllhost.exe     0x1e1070        OS      Windows_NT
3412    dllhost.exe     0x1e1070        Path    C:\Windows\system32;C:\Windows;C:\Windows\System32\Wbem;C:\Windows\System32\WindowsPowerShell\v1.0\;C:\Program Files\OpenSSH\bin
3412    dllhost.exe     0x1e1070        PATHEXT .COM;.EXE;.BAT;.CMD;.VBS;.VBE;.JS;.JSE;.WSF;.WSH;.MSC
3412    dllhost.exe     0x1e1070        PROCESSOR_ARCHITECTURE  x86
3412    dllhost.exe     0x1e1070        PROCESSOR_IDENTIFIER    x86 Family 23 Model 96 Stepping 1, AuthenticAMD
3412    dllhost.exe     0x1e1070        PROCESSOR_LEVEL 23
3412    dllhost.exe     0x1e1070        PROCESSOR_REVISION      6001
3412    dllhost.exe     0x1e1070        ProgramData     C:\ProgramData
3412    dllhost.exe     0x1e1070        ProgramFiles    C:\Program Files
3412    dllhost.exe     0x1e1070        PSModulePath    C:\Windows\system32\WindowsPowerShell\v1.0\Modules\
3412    dllhost.exe     0x1e1070        PUBLIC  C:\Users\Public
3412    dllhost.exe     0x1e1070        SESSIONNAME     Console
3412    dllhost.exe     0x1e1070        SystemDrive     C:
3412    dllhost.exe     0x1e1070        SystemRoot      C:\Windows
3412    dllhost.exe     0x1e1070        TEMP    C:\Users\Santa\AppData\Local\Temp
3412    dllhost.exe     0x1e1070        TMP     C:\Users\Santa\AppData\Local\Temp
3412    dllhost.exe     0x1e1070        USERDOMAIN      IE8WIN7
3412    dllhost.exe     0x1e1070        USERNAME        Santa
3412    dllhost.exe     0x1e1070        USERPROFILE     C:\Users\Santa
3412    dllhost.exe     0x1e1070        windir  C:\Windows

