Volatility 3 Framework 2.0.0
Progress:  100.00               PDB scanning finished
PID     PPID    ImageFileName   Offset(V)       Threads Handles SessionId       Wow64   CreateTime      ExitTime

4       0       System  0x8413a940      76      512     N/A     False   2021-11-30 22:05:03.000000      N/A
* 236   4       smss.exe        0x90dfebd8      4       32      N/A     False   2021-11-30 22:05:03.000000      N/A
312     304     csrss.exe       0x856dbb00      8       473     0       False   2021-11-30 22:05:03.000000      N/A
* 320   312     conhost.exe     0x85b1cd28      2       32      0       False   2021-11-30 22:05:08.000000      N/A
352     304     wininit.exe     0x8504c750      7       90      0       False   2021-11-30 22:05:04.000000      N/A
* 412   352     lsass.exe       0x8571fd28      9       647     0       False   2021-11-30 22:05:04.000000      N/A
* 420   352     lsm.exe 0x8571d838      12      188     0       False   2021-11-30 22:05:04.000000      N/A
* 404   352     services.exe    0x858ab588      24      265     0       False   2021-11-30 22:05:04.000000      N/A
** 640  404     VBoxService.ex  0x85894530      14      125     0       False   2021-11-30 22:05:05.000000      N/A
** 1920 404     svchost.exe     0x858dad28      6       94      0       False   2021-11-30 22:05:09.000000      N/A
** 904  404     svchost.exe     0x858bcd28      44      842     0       False   2021-11-30 22:05:06.000000      N/A
** 1784 404     svchost.exe     0x85a5b9e0      13      186     0       False   2021-11-30 22:05:07.000000      N/A
** 1936 404     wlms.exe        0x85a96218      5       48      0       False   2021-11-30 22:05:08.000000      N/A
** 1684 404     vmicsvc.exe     0x85a449b8      5       68      0       False   2021-11-30 22:05:07.000000      N/A
** 1316 404     spoolsv.exe     0x850cfb00      16      298     0       False   2021-11-30 22:05:07.000000      N/A
** 1708 404     vmicsvc.exe     0x85a4b6b0      7       81      0       False   2021-11-30 22:05:07.000000      N/A
** 2612 404     taskhost.exe    0x85c52258      10      155     2       False   2021-11-30 22:05:19.000000      N/A
** 696  404     svchost.exe     0x858a1d28      9       254     0       False   2021-11-30 22:05:06.000000      N/A
** 576  404     svchost.exe     0x85811030      15      369     0       False   2021-11-30 22:05:05.000000      N/A
*** 3412        576     dllhost.exe     0x85b363c0      6       3       2       False   2021-11-30 22:05:36.000000      N/A
** 1868 404     cygrunsrv.exe   0x859fbd28      7       107     0       False   2021-11-30 22:05:07.000000      N/A
*** 264 1868    cygrunsrv.exe   0x84fe5620      0       -       0       False   2021-11-30 22:05:08.000000      2021-11-30 22:05:08.000000
**** 268        264     sshd.exe        0x85b20d28      6       102     0       False   2021-11-30 22:05:08.000000      N/A
** 1108 404     svchost.exe     0x85936030      21      367     0       False   2021-11-30 22:05:06.000000      N/A
** 1748 404     vmicsvc.exe     0x85a52b00      7       82      0       False   2021-11-30 22:05:07.000000      N/A
** 1016 404     svchost.exe     0x85919368      24      354     0       False   2021-11-30 22:05:06.000000      N/A
** 864  404     svchost.exe     0x858f4030      22      433     0       False   2021-11-30 22:05:06.000000      N/A
*** 1256        864     dwm.exe 0x8597a030      6       85      1       False   2021-11-30 22:05:06.000000      N/A
*** 2664        864     dwm.exe 0x85c5d998      4       86      2       False   2021-11-30 22:05:19.000000      N/A
** 1376 404     taskhost.exe    0x859b0320      10      156     1       False   2021-11-30 22:05:07.000000      N/A
** 1636 404     vmicsvc.exe     0x85a2eba8      8       105     0       False   2021-11-30 22:05:07.000000      N/A
** 1124 404     sppsvc.exe      0x858d9d28      6       152     0       False   2021-11-30 22:05:09.000000      N/A
** 1384 404     svchost.exe     0x859b1030      26      323     0       False   2021-11-30 22:05:07.000000      N/A
** 748  404     svchost.exe     0x858a6d28      19      367     0       False   2021-11-30 22:05:06.000000      N/A
** 2160 404     SearchIndexer.  0x85b66ad8      14      680     0       False   2021-11-30 22:05:12.000000      N/A
*** 2248        2160    SearchProtocol  0x85be2d28      8       257     1       False   2021-11-30 22:05:13.000000      N/A
*** 2304        2160    SearchProtocol  0x85bed760      9       277     0       False   2021-11-30 22:05:13.000000      N/A
*** 2268        2160    SearchFilterHo  0x85ac9d28      6       81      0       False   2021-11-30 22:05:13.000000      N/A
** 1656 404     vmicsvc.exe     0x85a3f8d8      9       114     0       False   2021-11-30 22:05:07.000000      N/A
364     344     csrss.exe       0x84f54818      7       179     1       False   2021-11-30 22:05:04.000000      N/A
496     344     winlogon.exe    0x85875260      6       121     1       False   2021-11-30 22:05:05.000000      N/A
1272    1248    explorer.exe    0x85981030      34      669     1       False   2021-11-30 22:05:06.000000      N/A
* 1456  1272    VBoxTray.exe    0x859eea70      17      151     1       False   2021-11-30 22:05:07.000000      N/A
2388    2376    csrss.exe       0x85838d28      9       189     2       False   2021-11-30 22:05:15.000000      N/A
* 3352  2388    conhost.exe     0x84a52478      2       50      2       False   2021-11-30 22:05:29.000000      N/A
2416    2376    winlogon.exe    0x86793728      6       124     2       False   2021-11-30 22:05:15.000000      N/A
* 2656  2416    userinit.exe    0x85c5bb00      4       47      2       False   2021-11-30 22:05:19.000000      N/A
** 2676 2656    explorer.exe    0x85c60ab8      35      655     2       False   2021-11-30 22:05:19.000000      N/A
*** 2796        2676    VBoxTray.exe    0x85c8c830      16      146     2       False   2021-11-30 22:05:19.000000      N/A
*** 3340        2676    DumpIt.exe      0x84a52d28      2       37      2       False   2021-11-30 22:05:29.000000      N/A

